This is pdfTeX, Version 3.14159265-2.6-1.40.16 (TeX Live 2015/Arch Linux) (preloaded format=pdflatex 2016.5.14)  17 JUN 2016 19:34
entering extended mode
 restricted \write18 enabled.
 %&-line parsing enabled.
**main
(./main.tex
LaTeX2e <2015/10/01> patch level 2
Babel <3.9m> and hyphenation patterns for 79 languages loaded.
(/usr/share/texmf-dist/tex/latex/base/report.cls
Document Class: report 2014/09/29 v1.4h Standard LaTeX document class
(/usr/share/texmf-dist/tex/latex/base/size10.clo
File: size10.clo 2014/09/29 v1.4h Standard LaTeX file (size option)
)
\c@part=\count79
\c@chapter=\count80
\c@section=\count81
\c@subsection=\count82
\c@subsubsection=\count83
\c@paragraph=\count84
\c@subparagraph=\count85
\c@figure=\count86
\c@table=\count87
\abovecaptionskip=\skip41
\belowcaptionskip=\skip42
\bibindent=\dimen102
)
(/usr/share/texmf-dist/tex/latex/biblatex/biblatex.sty
Package: biblatex 2015/10/21 v3.1 programmable bibliographies (PK/JW/AB)


Package biblatex Warning: No "backend" specified, using Biber backend.
(biblatex)                To use BibTeX, load biblatex with 
(biblatex)                the "backend=bibtex" option.

(/usr/share/texmf-dist/tex/latex/biblatex/biblatex2.sty
Package: biblatex2 2015/10/21 v3.1 programmable bibliographies (biber) (PK/JW/A
B)

(/usr/share/texmf-dist/tex/latex/etoolbox/etoolbox.sty
Package: etoolbox 2015/08/02 v2.2a e-TeX tools for LaTeX (JAW)
\etb@tempcnta=\count88
)
(/usr/share/texmf-dist/tex/latex/graphics/keyval.sty
Package: keyval 2014/10/28 v1.15 key=value parser (DPC)
\KV@toks@=\toks14
)
(/usr/share/texmf-dist/tex/latex/oberdiek/kvoptions.sty
Package: kvoptions 2011/06/30 v3.11 Key value format for package options (HO)

(/usr/share/texmf-dist/tex/generic/oberdiek/ltxcmds.sty
Package: ltxcmds 2011/11/09 v1.22 LaTeX kernel commands for general use (HO)
)
(/usr/share/texmf-dist/tex/generic/oberdiek/kvsetkeys.sty
Package: kvsetkeys 2012/04/25 v1.16 Key value parser (HO)

(/usr/share/texmf-dist/tex/generic/oberdiek/infwarerr.sty
Package: infwarerr 2010/04/08 v1.3 Providing info/warning/error messages (HO)
)
(/usr/share/texmf-dist/tex/generic/oberdiek/etexcmds.sty
Package: etexcmds 2011/02/16 v1.5 Avoid name clashes with e-TeX commands (HO)

(/usr/share/texmf-dist/tex/generic/oberdiek/ifluatex.sty
Package: ifluatex 2010/03/01 v1.3 Provides the ifluatex switch (HO)
Package ifluatex Info: LuaTeX not detected.
)
Package etexcmds Info: Could not find \expanded.
(etexcmds)             That can mean that you are not using pdfTeX 1.50 or
(etexcmds)             that some package has redefined \expanded.
(etexcmds)             In the latter case, load this package earlier.
)))
(/usr/share/texmf-dist/tex/latex/logreq/logreq.sty
Package: logreq 2010/08/04 v1.0 xml request logger
\lrq@indent=\count89

(/usr/share/texmf-dist/tex/latex/logreq/logreq.def
File: logreq.def 2010/08/04 v1.0 logreq spec v1.0
))
(/usr/share/texmf-dist/tex/latex/base/ifthen.sty
Package: ifthen 2014/09/29 v1.1c Standard LaTeX ifthen package (DPC)
)
(/usr/share/texmf-dist/tex/latex/url/url.sty
\Urlmuskip=\muskip10
Package: url 2013/09/16  ver 3.4  Verb mode for urls, etc.
)
\c@tabx@nest=\count90
\c@listtotal=\count91
\c@listcount=\count92
\c@liststart=\count93
\c@liststop=\count94
\c@citecount=\count95
\c@citetotal=\count96
\c@multicitecount=\count97
\c@multicitetotal=\count98
\c@instcount=\count99
\c@maxnames=\count100
\c@minnames=\count101
\c@maxitems=\count102
\c@minitems=\count103
\c@citecounter=\count104
\c@savedcitecounter=\count105
\c@uniquelist=\count106
\c@uniquename=\count107
\c@refsection=\count108
\c@refsegment=\count109
\c@maxextratitle=\count110
\c@maxextratitleyear=\count111
\c@maxextrayear=\count112
\c@maxextraalpha=\count113
\c@abbrvpenalty=\count114
\c@highnamepenalty=\count115
\c@lownamepenalty=\count116
\c@maxparens=\count117
\c@parenlevel=\count118
\blx@tempcnta=\count119
\blx@tempcntb=\count120
\blx@tempcntc=\count121
\blx@maxsection=\count122
\blx@maxsegment@0=\count123
\blx@notetype=\count124
\blx@parenlevel@text=\count125
\blx@parenlevel@foot=\count126
\blx@sectionciteorder@0=\count127
\labelnumberwidth=\skip43
\labelalphawidth=\skip44
\biblabelsep=\skip45
\bibitemsep=\skip46
\bibnamesep=\skip47
\bibinitsep=\skip48
\bibparsep=\skip49
\bibhang=\skip50
\blx@bcfin=\read1
\blx@bcfout=\write3
\c@mincomprange=\count128
\c@maxcomprange=\count129
\c@mincompwidth=\count130
Package biblatex Info: Trying to load biblatex default data model...
Package biblatex Info: ... file 'blx-dm.def' found.

(/usr/share/texmf-dist/tex/latex/biblatex/blx-dm.def)
Package biblatex Info: Trying to load biblatex style data model...
Package biblatex Info: ... file 'numeric.dbx' not found.
Package biblatex Info: Trying to load biblatex custom data model...
Package biblatex Info: ... file 'biblatex-dm.cfg' not found.
\c@afterword=\count131
\c@savedafterword=\count132
\c@annotator=\count133
\c@savedannotator=\count134
\c@author=\count135
\c@savedauthor=\count136
\c@bookauthor=\count137
\c@savedbookauthor=\count138
\c@commentator=\count139
\c@savedcommentator=\count140
\c@editor=\count141
\c@savededitor=\count142
\c@editora=\count143
\c@savededitora=\count144
\c@editorb=\count145
\c@savededitorb=\count146
\c@editorc=\count147
\c@savededitorc=\count148
\c@foreword=\count149
\c@savedforeword=\count150
\c@holder=\count151
\c@savedholder=\count152
\c@introduction=\count153
\c@savedintroduction=\count154
\c@namea=\count155
\c@savednamea=\count156
\c@nameb=\count157
\c@savednameb=\count158
\c@namec=\count159
\c@savednamec=\count160
\c@translator=\count161
\c@savedtranslator=\count162
\c@shortauthor=\count163
\c@savedshortauthor=\count164
\c@shorteditor=\count165
\c@savedshorteditor=\count166
\c@labelname=\count167
\c@savedlabelname=\count168
\c@institution=\count169
\c@savedinstitution=\count170
\c@lista=\count171
\c@savedlista=\count172
\c@listb=\count173
\c@savedlistb=\count174
\c@listc=\count175
\c@savedlistc=\count176
\c@listd=\count177
\c@savedlistd=\count178
\c@liste=\count179
\c@savedliste=\count180
\c@listf=\count181
\c@savedlistf=\count182
\c@location=\count183
\c@savedlocation=\count184
\c@organization=\count185
\c@savedorganization=\count186
\c@origlocation=\count187
\c@savedoriglocation=\count188
\c@origpublisher=\count189
\c@savedorigpublisher=\count190
\c@publisher=\count191
\c@savedpublisher=\count192
\c@language=\count193
\c@savedlanguage=\count194
\c@pageref=\count195
\c@savedpageref=\count196
\shorthandwidth=\skip51
\shortjournalwidth=\skip52
\shortserieswidth=\skip53
\shorttitlewidth=\skip54
\shortauthorwidth=\skip55
\shorteditorwidth=\skip56
Package biblatex Info: Trying to load compatibility code...
Package biblatex Info: ... file 'blx-compat.def' found.

(/usr/share/texmf-dist/tex/latex/biblatex/blx-compat.def
File: blx-compat.def 2015/10/21 v3.1 biblatex compatibility (PK/JW/AB)
)
Package biblatex Info: Trying to load generic definitions...
Package biblatex Info: ... file 'biblatex.def' found.

(/usr/share/texmf-dist/tex/latex/biblatex/biblatex.def
File: biblatex.def 
\c@textcitecount=\count197
\c@textcitetotal=\count198
\c@textcitemaxnames=\count199
\c@biburlnumpenalty=\count266
\c@biburlucpenalty=\count267
\c@biburllcpenalty=\count268
\c@smartand=\count269
)
Package biblatex Info: Trying to load bibliography style 'numeric'...
Package biblatex Info: ... file 'numeric.bbx' found.

(/usr/share/texmf-dist/tex/latex/biblatex/bbx/numeric.bbx
File: numeric.bbx 2015/10/21 v3.1 biblatex bibliography style (PK/JW/AB)
Package biblatex Info: Trying to load bibliography style 'standard'...
Package biblatex Info: ... file 'standard.bbx' found.

(/usr/share/texmf-dist/tex/latex/biblatex/bbx/standard.bbx
File: standard.bbx 2015/10/21 v3.1 biblatex bibliography style (PK/JW/AB)
\c@bbx:relatedcount=\count270
\c@bbx:relatedtotal=\count271
))
Package biblatex Info: Trying to load citation style 'numeric'...
Package biblatex Info: ... file 'numeric.cbx' found.

(/usr/share/texmf-dist/tex/latex/biblatex/cbx/numeric.cbx
File: numeric.cbx 2015/10/21 v3.1 biblatex citation style (PK/JW/AB)
Package biblatex Info: Redefining '\cite'.
Package biblatex Info: Redefining '\parencite'.
Package biblatex Info: Redefining '\footcite'.
Package biblatex Info: Redefining '\footcitetext'.
Package biblatex Info: Redefining '\smartcite'.
Package biblatex Info: Redefining '\supercite'.
Package biblatex Info: Redefining '\textcite'.
Package biblatex Info: Redefining '\textcites'.
Package biblatex Info: Redefining '\cites'.
Package biblatex Info: Redefining '\parencites'.
Package biblatex Info: Redefining '\smartcites'.
)
Package biblatex Info: Trying to load configuration file...
Package biblatex Info: ... file 'biblatex.cfg' found.

(/usr/share/texmf-dist/tex/latex/biblatex/biblatex.cfg
File: biblatex.cfg 
)))
(/usr/share/texmf-dist/tex/latex/base/inputenc.sty
Package: inputenc 2015/03/17 v1.2c Input encoding file
\inpenc@prehook=\toks15
\inpenc@posthook=\toks16

(/usr/share/texmf-dist/tex/latex/base/utf8.def
File: utf8.def 2015/09/07 v1.1p UTF-8 support for inputenc
Now handling font encoding OML ...
... no UTF-8 mapping file for font encoding OML
Now handling font encoding T1 ...
... processing UTF-8 mapping file for font encoding T1

(/usr/share/texmf-dist/tex/latex/base/t1enc.dfu
File: t1enc.dfu 2015/09/07 v1.1p UTF-8 support for inputenc
   defining Unicode char U+00A0 (decimal 160)
   defining Unicode char U+00A1 (decimal 161)
   defining Unicode char U+00A3 (decimal 163)
   defining Unicode char U+00AB (decimal 171)
   defining Unicode char U+00AD (decimal 173)
   defining Unicode char U+00BB (decimal 187)
   defining Unicode char U+00BF (decimal 191)
   defining Unicode char U+00C0 (decimal 192)
   defining Unicode char U+00C1 (decimal 193)
   defining Unicode char U+00C2 (decimal 194)
   defining Unicode char U+00C3 (decimal 195)
   defining Unicode char U+00C4 (decimal 196)
   defining Unicode char U+00C5 (decimal 197)
   defining Unicode char U+00C6 (decimal 198)
   defining Unicode char U+00C7 (decimal 199)
   defining Unicode char U+00C8 (decimal 200)
   defining Unicode char U+00C9 (decimal 201)
   defining Unicode char U+00CA (decimal 202)
   defining Unicode char U+00CB (decimal 203)
   defining Unicode char U+00CC (decimal 204)
   defining Unicode char U+00CD (decimal 205)
   defining Unicode char U+00CE (decimal 206)
   defining Unicode char U+00CF (decimal 207)
   defining Unicode char U+00D0 (decimal 208)
   defining Unicode char U+00D1 (decimal 209)
   defining Unicode char U+00D2 (decimal 210)
   defining Unicode char U+00D3 (decimal 211)
   defining Unicode char U+00D4 (decimal 212)
   defining Unicode char U+00D5 (decimal 213)
   defining Unicode char U+00D6 (decimal 214)
   defining Unicode char U+00D8 (decimal 216)
   defining Unicode char U+00D9 (decimal 217)
   defining Unicode char U+00DA (decimal 218)
   defining Unicode char U+00DB (decimal 219)
   defining Unicode char U+00DC (decimal 220)
   defining Unicode char U+00DD (decimal 221)
   defining Unicode char U+00DE (decimal 222)
   defining Unicode char U+00DF (decimal 223)
   defining Unicode char U+00E0 (decimal 224)
   defining Unicode char U+00E1 (decimal 225)
   defining Unicode char U+00E2 (decimal 226)
   defining Unicode char U+00E3 (decimal 227)
   defining Unicode char U+00E4 (decimal 228)
   defining Unicode char U+00E5 (decimal 229)
   defining Unicode char U+00E6 (decimal 230)
   defining Unicode char U+00E7 (decimal 231)
   defining Unicode char U+00E8 (decimal 232)
   defining Unicode char U+00E9 (decimal 233)
   defining Unicode char U+00EA (decimal 234)
   defining Unicode char U+00EB (decimal 235)
   defining Unicode char U+00EC (decimal 236)
   defining Unicode char U+00ED (decimal 237)
   defining Unicode char U+00EE (decimal 238)
   defining Unicode char U+00EF (decimal 239)
   defining Unicode char U+00F0 (decimal 240)
   defining Unicode char U+00F1 (decimal 241)
   defining Unicode char U+00F2 (decimal 242)
   defining Unicode char U+00F3 (decimal 243)
   defining Unicode char U+00F4 (decimal 244)
   defining Unicode char U+00F5 (decimal 245)
   defining Unicode char U+00F6 (decimal 246)
   defining Unicode char U+00F8 (decimal 248)
   defining Unicode char U+00F9 (decimal 249)
   defining Unicode char U+00FA (decimal 250)
   defining Unicode char U+00FB (decimal 251)
   defining Unicode char U+00FC (decimal 252)
   defining Unicode char U+00FD (decimal 253)
   defining Unicode char U+00FE (decimal 254)
   defining Unicode char U+00FF (decimal 255)
   defining Unicode char U+0102 (decimal 258)
   defining Unicode char U+0103 (decimal 259)
   defining Unicode char U+0104 (decimal 260)
   defining Unicode char U+0105 (decimal 261)
   defining Unicode char U+0106 (decimal 262)
   defining Unicode char U+0107 (decimal 263)
   defining Unicode char U+010C (decimal 268)
   defining Unicode char U+010D (decimal 269)
   defining Unicode char U+010E (decimal 270)
   defining Unicode char U+010F (decimal 271)
   defining Unicode char U+0110 (decimal 272)
   defining Unicode char U+0111 (decimal 273)
   defining Unicode char U+0118 (decimal 280)
   defining Unicode char U+0119 (decimal 281)
   defining Unicode char U+011A (decimal 282)
   defining Unicode char U+011B (decimal 283)
   defining Unicode char U+011E (decimal 286)
   defining Unicode char U+011F (decimal 287)
   defining Unicode char U+0130 (decimal 304)
   defining Unicode char U+0131 (decimal 305)
   defining Unicode char U+0132 (decimal 306)
   defining Unicode char U+0133 (decimal 307)
   defining Unicode char U+0139 (decimal 313)
   defining Unicode char U+013A (decimal 314)
   defining Unicode char U+013D (decimal 317)
   defining Unicode char U+013E (decimal 318)
   defining Unicode char U+0141 (decimal 321)
   defining Unicode char U+0142 (decimal 322)
   defining Unicode char U+0143 (decimal 323)
   defining Unicode char U+0144 (decimal 324)
   defining Unicode char U+0147 (decimal 327)
   defining Unicode char U+0148 (decimal 328)
   defining Unicode char U+014A (decimal 330)
   defining Unicode char U+014B (decimal 331)
   defining Unicode char U+0150 (decimal 336)
   defining Unicode char U+0151 (decimal 337)
   defining Unicode char U+0152 (decimal 338)
   defining Unicode char U+0153 (decimal 339)
   defining Unicode char U+0154 (decimal 340)
   defining Unicode char U+0155 (decimal 341)
   defining Unicode char U+0158 (decimal 344)
   defining Unicode char U+0159 (decimal 345)
   defining Unicode char U+015A (decimal 346)
   defining Unicode char U+015B (decimal 347)
   defining Unicode char U+015E (decimal 350)
   defining Unicode char U+015F (decimal 351)
   defining Unicode char U+0160 (decimal 352)
   defining Unicode char U+0161 (decimal 353)
   defining Unicode char U+0162 (decimal 354)
   defining Unicode char U+0163 (decimal 355)
   defining Unicode char U+0164 (decimal 356)
   defining Unicode char U+0165 (decimal 357)
   defining Unicode char U+016E (decimal 366)
   defining Unicode char U+016F (decimal 367)
   defining Unicode char U+0170 (decimal 368)
   defining Unicode char U+0171 (decimal 369)
   defining Unicode char U+0174 (decimal 372)
   defining Unicode char U+0175 (decimal 373)
   defining Unicode char U+0176 (decimal 374)
   defining Unicode char U+0177 (decimal 375)
   defining Unicode char U+0178 (decimal 376)
   defining Unicode char U+0179 (decimal 377)
   defining Unicode char U+017A (decimal 378)
   defining Unicode char U+017B (decimal 379)
   defining Unicode char U+017C (decimal 380)
   defining Unicode char U+017D (decimal 381)
   defining Unicode char U+017E (decimal 382)
   defining Unicode char U+0218 (decimal 536)
   defining Unicode char U+0219 (decimal 537)
   defining Unicode char U+021A (decimal 538)
   defining Unicode char U+021B (decimal 539)
   defining Unicode char U+200C (decimal 8204)
   defining Unicode char U+2013 (decimal 8211)
   defining Unicode char U+2014 (decimal 8212)
   defining Unicode char U+2018 (decimal 8216)
   defining Unicode char U+2019 (decimal 8217)
   defining Unicode char U+201A (decimal 8218)
   defining Unicode char U+201C (decimal 8220)
   defining Unicode char U+201D (decimal 8221)
   defining Unicode char U+201E (decimal 8222)
   defining Unicode char U+2030 (decimal 8240)
   defining Unicode char U+2031 (decimal 8241)
   defining Unicode char U+2039 (decimal 8249)
   defining Unicode char U+203A (decimal 8250)
   defining Unicode char U+2423 (decimal 9251)
)
Now handling font encoding OT1 ...
... processing UTF-8 mapping file for font encoding OT1

(/usr/share/texmf-dist/tex/latex/base/ot1enc.dfu
File: ot1enc.dfu 2015/09/07 v1.1p UTF-8 support for inputenc
   defining Unicode char U+00A0 (decimal 160)
   defining Unicode char U+00A1 (decimal 161)
   defining Unicode char U+00A3 (decimal 163)
   defining Unicode char U+00AD (decimal 173)
   defining Unicode char U+00B8 (decimal 184)
   defining Unicode char U+00BF (decimal 191)
   defining Unicode char U+00C5 (decimal 197)
   defining Unicode char U+00C6 (decimal 198)
   defining Unicode char U+00D8 (decimal 216)
   defining Unicode char U+00DF (decimal 223)
   defining Unicode char U+00E6 (decimal 230)
   defining Unicode char U+00EC (decimal 236)
   defining Unicode char U+00ED (decimal 237)
   defining Unicode char U+00EE (decimal 238)
   defining Unicode char U+00EF (decimal 239)
   defining Unicode char U+00F8 (decimal 248)
   defining Unicode char U+0131 (decimal 305)
   defining Unicode char U+0141 (decimal 321)
   defining Unicode char U+0142 (decimal 322)
   defining Unicode char U+0152 (decimal 338)
   defining Unicode char U+0153 (decimal 339)
   defining Unicode char U+0174 (decimal 372)
   defining Unicode char U+0175 (decimal 373)
   defining Unicode char U+0176 (decimal 374)
   defining Unicode char U+0177 (decimal 375)
   defining Unicode char U+0218 (decimal 536)
   defining Unicode char U+0219 (decimal 537)
   defining Unicode char U+021A (decimal 538)
   defining Unicode char U+021B (decimal 539)
   defining Unicode char U+2013 (decimal 8211)
   defining Unicode char U+2014 (decimal 8212)
   defining Unicode char U+2018 (decimal 8216)
   defining Unicode char U+2019 (decimal 8217)
   defining Unicode char U+201C (decimal 8220)
   defining Unicode char U+201D (decimal 8221)
)
Now handling font encoding OMS ...
... processing UTF-8 mapping file for font encoding OMS

(/usr/share/texmf-dist/tex/latex/base/omsenc.dfu
File: omsenc.dfu 2015/09/07 v1.1p UTF-8 support for inputenc
   defining Unicode char U+00A7 (decimal 167)
   defining Unicode char U+00B6 (decimal 182)
   defining Unicode char U+00B7 (decimal 183)
   defining Unicode char U+2020 (decimal 8224)
   defining Unicode char U+2021 (decimal 8225)
   defining Unicode char U+2022 (decimal 8226)
)
Now handling font encoding OMX ...
... no UTF-8 mapping file for font encoding OMX
Now handling font encoding U ...
... no UTF-8 mapping file for font encoding U
   defining Unicode char U+00A9 (decimal 169)
   defining Unicode char U+00AA (decimal 170)
   defining Unicode char U+00AE (decimal 174)
   defining Unicode char U+00BA (decimal 186)
   defining Unicode char U+02C6 (decimal 710)
   defining Unicode char U+02DC (decimal 732)
   defining Unicode char U+200C (decimal 8204)
   defining Unicode char U+2026 (decimal 8230)
   defining Unicode char U+2122 (decimal 8482)
   defining Unicode char U+2423 (decimal 9251)
))
(/usr/share/texmf-dist/tex/generic/babel/babel.sty
Package: babel 2015/08/03 3.9m The Babel package

(/usr/share/texmf-dist/tex/generic/babel-english/english.ldf
Language: english 2012/08/20 v3.3p English support from the babel system

(/usr/share/texmf-dist/tex/generic/babel/babel.def
File: babel.def 2015/08/03 3.9m Babel common definitions
\babel@savecnt=\count272
\U@D=\dimen103
)
\l@canadian = a dialect from \language\l@american 
\l@australian = a dialect from \language\l@british 
\l@newzealand = a dialect from \language\l@british 
)
(/usr/share/texmf-dist/tex/generic/babel-catalan/catalan.ldf
Language: catalan 2005/03/29 v2.2p Catalan support from the babel system
Package babel Info: Making " an active character on input line 91.
Warning: You are using encoding OT1 instead of T1.
Some word breaks will not be found.
\leftllkern=\dimen104
\rightllkern=\dimen105
\raiselldim=\dimen106
))
(/usr/share/texmf-dist/tex/latex/graphics/graphicx.sty
Package: graphicx 2014/10/28 v1.0g Enhanced LaTeX Graphics (DPC,SPQR)

(/usr/share/texmf-dist/tex/latex/graphics/graphics.sty
Package: graphics 2014/10/28 v1.0p Standard LaTeX Graphics (DPC,SPQR)

(/usr/share/texmf-dist/tex/latex/graphics/trig.sty
Package: trig 1999/03/16 v1.09 sin cos tan (DPC)
)
(/usr/share/texmf-dist/tex/latex/latexconfig/graphics.cfg
File: graphics.cfg 2010/04/23 v1.9 graphics configuration of TeX Live
)
Package graphics Info: Driver file: pdftex.def on input line 94.

(/usr/share/texmf-dist/tex/latex/pdftex-def/pdftex.def
File: pdftex.def 2011/05/27 v0.06d Graphics/color for pdfTeX
\Gread@gobject=\count273
))
\Gin@req@height=\dimen107
\Gin@req@width=\dimen108
)
(/usr/share/texmf-dist/tex/latex/geometry/geometry.sty
Package: geometry 2010/09/12 v5.6 Page Geometry

(/usr/share/texmf-dist/tex/generic/oberdiek/ifpdf.sty
Package: ifpdf 2011/01/30 v2.3 Provides the ifpdf switch (HO)
Package ifpdf Info: pdfTeX in PDF mode is detected.
)
(/usr/share/texmf-dist/tex/generic/oberdiek/ifvtex.sty
Package: ifvtex 2010/03/01 v1.5 Detect VTeX and its facilities (HO)
Package ifvtex Info: VTeX not detected.
)
(/usr/share/texmf-dist/tex/generic/ifxetex/ifxetex.sty
Package: ifxetex 2010/09/12 v0.6 Provides ifxetex conditional
)
\Gm@cnth=\count274
\Gm@cntv=\count275
\c@Gm@tempcnt=\count276
\Gm@bindingoffset=\dimen109
\Gm@wd@mp=\dimen110
\Gm@odd@mp=\dimen111
\Gm@even@mp=\dimen112
\Gm@layoutwidth=\dimen113
\Gm@layoutheight=\dimen114
\Gm@layouthoffset=\dimen115
\Gm@layoutvoffset=\dimen116
\Gm@dimlist=\toks17
)
(/usr/share/texmf-dist/tex/latex/csquotes/csquotes.sty
Package: csquotes 2015/07/18 v5.1f context-sensitive quotations (JAW)
\csq@reset=\count277
\csq@gtype=\count278
\csq@glevel=\count279
\csq@qlevel=\count280
\csq@maxlvl=\count281
\csq@tshold=\count282
\csq@ltx@everypar=\toks18

(/usr/share/texmf-dist/tex/latex/csquotes/csquotes.def
File: csquotes.def 2015/07/18 v5.1f csquotes generic definitions (JAW)
)
Package csquotes Info: Trying to load configuration file 'csquotes.cfg'...
Package csquotes Info: ... configuration file loaded successfully.

(/usr/share/texmf-dist/tex/latex/csquotes/csquotes.cfg
File: csquotes.cfg 
)
Package csquotes Info: Disabling multilingual quotes.
Package csquotes Info: Redefining alias 'default' -> 'english'.
)
(/usr/share/texmf-dist/tex/latex/eurosym/eurosym.sty
Package: eurosym 1998/08/06 v1.1 European currency symbol ``Euro''
\@eurobox=\box26
)
(/usr/share/texmf-dist/tex/latex/hyperref/hyperref.sty
Package: hyperref 2012/11/06 v6.83m Hypertext links for LaTeX

(/usr/share/texmf-dist/tex/generic/oberdiek/hobsub-hyperref.sty
Package: hobsub-hyperref 2012/05/28 v1.13 Bundle oberdiek, subset hyperref (HO)


(/usr/share/texmf-dist/tex/generic/oberdiek/hobsub-generic.sty
Package: hobsub-generic 2012/05/28 v1.13 Bundle oberdiek, subset generic (HO)
Package: hobsub 2012/05/28 v1.13 Construct package bundles (HO)
Package hobsub Info: Skipping package `infwarerr' (already loaded).
Package hobsub Info: Skipping package `ltxcmds' (already loaded).
Package hobsub Info: Skipping package `ifluatex' (already loaded).
Package hobsub Info: Skipping package `ifvtex' (already loaded).
Package: intcalc 2007/09/27 v1.1 Expandable calculations with integers (HO)
Package hobsub Info: Skipping package `ifpdf' (already loaded).
Package hobsub Info: Skipping package `etexcmds' (already loaded).
Package hobsub Info: Skipping package `kvsetkeys' (already loaded).
Package: kvdefinekeys 2011/04/07 v1.3 Define keys (HO)
Package: pdftexcmds 2011/11/29 v0.20 Utility functions of pdfTeX for LuaTeX (HO
)
Package pdftexcmds Info: LuaTeX not detected.
Package pdftexcmds Info: \pdf@primitive is available.
Package pdftexcmds Info: \pdf@ifprimitive is available.
Package pdftexcmds Info: \pdfdraftmode found.
Package: pdfescape 2011/11/25 v1.13 Implements pdfTeX's escape features (HO)
Package: bigintcalc 2012/04/08 v1.3 Expandable calculations on big integers (HO
)
Package: bitset 2011/01/30 v1.1 Handle bit-vector datatype (HO)
Package: uniquecounter 2011/01/30 v1.2 Provide unlimited unique counter (HO)
)
Package hobsub Info: Skipping package `hobsub' (already loaded).
Package: letltxmacro 2010/09/02 v1.4 Let assignment for LaTeX macros (HO)
Package: hopatch 2012/05/28 v1.2 Wrapper for package hooks (HO)
Package: xcolor-patch 2011/01/30 xcolor patch
Package: atveryend 2011/06/30 v1.8 Hooks at the very end of document (HO)
Package: atbegshi 2011/10/05 v1.16 At begin shipout hook (HO)
Package: refcount 2011/10/16 v3.4 Data extraction from label references (HO)
Package: hycolor 2011/01/30 v1.7 Color options for hyperref/bookmark (HO)
)
(/usr/share/texmf-dist/tex/latex/oberdiek/auxhook.sty
Package: auxhook 2011/03/04 v1.3 Hooks for auxiliary files (HO)
)
\@linkdim=\dimen117
\Hy@linkcounter=\count283
\Hy@pagecounter=\count284

(/usr/share/texmf-dist/tex/latex/hyperref/pd1enc.def
File: pd1enc.def 2012/11/06 v6.83m Hyperref: PDFDocEncoding definition (HO)
Now handling font encoding PD1 ...
... no UTF-8 mapping file for font encoding PD1
)
\Hy@SavedSpaceFactor=\count285

(/usr/share/texmf-dist/tex/latex/latexconfig/hyperref.cfg
File: hyperref.cfg 2002/06/06 v1.2 hyperref configuration of TeXLive
)
Package hyperref Info: Hyper figures OFF on input line 4443.
Package hyperref Info: Link nesting OFF on input line 4448.
Package hyperref Info: Hyper index ON on input line 4451.
Package hyperref Info: Plain pages OFF on input line 4458.
Package hyperref Info: Backreferencing OFF on input line 4463.
Package hyperref Info: Implicit mode ON; LaTeX internals redefined.
Package hyperref Info: Bookmarks ON on input line 4688.
\c@Hy@tempcnt=\count286
LaTeX Info: Redefining \url on input line 5041.
\XeTeXLinkMargin=\dimen118
\Fld@menulength=\count287
\Field@Width=\dimen119
\Fld@charsize=\dimen120
Package hyperref Info: Hyper figures OFF on input line 6295.
Package hyperref Info: Link nesting OFF on input line 6300.
Package hyperref Info: Hyper index ON on input line 6303.
Package hyperref Info: backreferencing OFF on input line 6310.
Package hyperref Info: Link coloring OFF on input line 6315.
Package hyperref Info: Link coloring with OCG OFF on input line 6320.
Package hyperref Info: PDF/A mode OFF on input line 6325.
LaTeX Info: Redefining \ref on input line 6365.
LaTeX Info: Redefining \pageref on input line 6369.
\Hy@abspage=\count288
\c@Item=\count289
\c@Hfootnote=\count290
)

Package hyperref Message: Driver: hpdftex.

(/usr/share/texmf-dist/tex/latex/hyperref/hpdftex.def
File: hpdftex.def 2012/11/06 v6.83m Hyperref driver for pdfTeX
\Fld@listcount=\count291
\c@bookmark@seq@number=\count292

(/usr/share/texmf-dist/tex/latex/oberdiek/rerunfilecheck.sty
Package: rerunfilecheck 2011/04/15 v1.7 Rerun checks for auxiliary files (HO)
Package uniquecounter Info: New unique counter `rerunfilecheck' on input line 2
82.
)
\Hy@SectionHShift=\skip57
)
(/usr/share/texmf-dist/tex/latex/import/import.sty
Package: import 2009/03/23  v 5.1
)
(/usr/share/texmf-dist/tex/latex/amsmath/amsmath.sty
Package: amsmath 2013/01/14 v2.14 AMS math features
\@mathmargin=\skip58

For additional information on amsmath, use the `?' option.
(/usr/share/texmf-dist/tex/latex/amsmath/amstext.sty
Package: amstext 2000/06/29 v2.01

(/usr/share/texmf-dist/tex/latex/amsmath/amsgen.sty
File: amsgen.sty 1999/11/30 v2.0
\@emptytoks=\toks19
\ex@=\dimen121
))
(/usr/share/texmf-dist/tex/latex/amsmath/amsbsy.sty
Package: amsbsy 1999/11/29 v1.2d
\pmbraise@=\dimen122
)
(/usr/share/texmf-dist/tex/latex/amsmath/amsopn.sty
Package: amsopn 1999/12/14 v2.01 operator names
)
\inf@bad=\count293
LaTeX Info: Redefining \frac on input line 210.
\uproot@=\count294
\leftroot@=\count295
LaTeX Info: Redefining \overline on input line 306.
\classnum@=\count296
\DOTSCASE@=\count297
LaTeX Info: Redefining \ldots on input line 378.
LaTeX Info: Redefining \dots on input line 381.
LaTeX Info: Redefining \cdots on input line 466.
\Mathstrutbox@=\box27
\strutbox@=\box28
\big@size=\dimen123
LaTeX Font Info:    Redeclaring font encoding OML on input line 566.
LaTeX Font Info:    Redeclaring font encoding OMS on input line 567.
\macc@depth=\count298
\c@MaxMatrixCols=\count299
\dotsspace@=\muskip11
\c@parentequation=\count300
\dspbrk@lvl=\count301
\tag@help=\toks20
\row@=\count302
\column@=\count303
\maxfields@=\count304
\andhelp@=\toks21
\eqnshift@=\dimen124
\alignsep@=\dimen125
\tagshift@=\dimen126
\tagwidth@=\dimen127
\totwidth@=\dimen128
\lineht@=\dimen129
\@envbody=\toks22
\multlinegap=\skip59
\multlinetaggap=\skip60
\mathdisplay@stack=\toks23
LaTeX Info: Redefining \[ on input line 2665.
LaTeX Info: Redefining \] on input line 2666.
)
(/usr/share/texmf-dist/tex/latex/amsfonts/amssymb.sty
Package: amssymb 2013/01/14 v3.01 AMS font symbols

(/usr/share/texmf-dist/tex/latex/amsfonts/amsfonts.sty
Package: amsfonts 2013/01/14 v3.01 Basic AMSFonts support
\symAMSa=\mathgroup4
\symAMSb=\mathgroup5
LaTeX Font Info:    Overwriting math alphabet `\mathfrak' in version `bold'
(Font)                  U/euf/m/n --> U/euf/b/n on input line 106.
))
(/usr/share/texmf-dist/tex/latex/amscls/amsthm.sty
Package: amsthm 2015/03/04 v2.20.2
\thm@style=\toks24
\thm@bodyfont=\toks25
\thm@headfont=\toks26
\thm@notefont=\toks27
\thm@headpunct=\toks28
\thm@preskip=\skip61
\thm@postskip=\skip62
\thm@headsep=\skip63
\dth@everypar=\toks29
)
(/usr/share/texmf-dist/tex/latex/newtx/newtxmath.sty
Package: newtxmath 2015/09/24 v1.462

`newtxmath' v1.462, 2015/09/24 Math macros based on txfonts (msharpe)
(/usr/share/texmf-dist/tex/latex/xkeyval/xkeyval.sty
Package: xkeyval 2014/12/03 v2.7a package option processing (HA)

(/usr/share/texmf-dist/tex/generic/xkeyval/xkeyval.tex
(/usr/share/texmf-dist/tex/generic/xkeyval/xkvutils.tex
\XKV@toks=\toks30
\XKV@tempa@toks=\toks31
)
\XKV@depth=\count305
File: xkeyval.tex 2014/12/03 v2.7a key=value parser (HA)
))
(/usr/share/texmf-dist/tex/generic/kastrup/binhex.tex)
\tx@Isdigit=\count306
LaTeX Font Info:    Redeclaring symbol font `operators' on input line 137.
LaTeX Font Info:    Overwriting symbol font `operators' in version `normal'
(Font)                  OT1/cmr/m/n --> OT1/cmr/m/n on input line 137.
LaTeX Font Info:    Overwriting symbol font `operators' in version `bold'
(Font)                  OT1/cmr/bx/n --> OT1/cmr/m/n on input line 137.
LaTeX Font Info:    Overwriting symbol font `operators' in version `bold'
(Font)                  OT1/cmr/m/n --> OT1/cmr/b/n on input line 138.
LaTeX Font Info:    Redeclaring math alphabet \mathsf on input line 144.
LaTeX Font Info:    Overwriting math alphabet `\mathsf' in version `normal'
(Font)                  OT1/cmss/m/n --> OT1/cmss/m/n on input line 144.
LaTeX Font Info:    Overwriting math alphabet `\mathsf' in version `bold'
(Font)                  OT1/cmss/bx/n --> OT1/cmss/m/n on input line 144.
LaTeX Font Info:    Redeclaring math alphabet \mathit on input line 145.
LaTeX Font Info:    Overwriting math alphabet `\mathit' in version `normal'
(Font)                  OT1/cmr/m/it --> OT1/cmr/m/it on input line 145.
LaTeX Font Info:    Overwriting math alphabet `\mathit' in version `bold'
(Font)                  OT1/cmr/bx/it --> OT1/cmr/m/it on input line 145.
LaTeX Font Info:    Redeclaring math alphabet \mathtt on input line 146.
LaTeX Font Info:    Overwriting math alphabet `\mathtt' in version `normal'
(Font)                  OT1/cmtt/m/n --> OT1/cmtt/m/n on input line 146.
LaTeX Font Info:    Overwriting math alphabet `\mathtt' in version `bold'
(Font)                  OT1/cmtt/m/n --> OT1/cmtt/m/n on input line 146.
LaTeX Font Info:    Redeclaring math alphabet \mathbf on input line 148.
LaTeX Font Info:    Overwriting math alphabet `\mathbf' in version `normal'
(Font)                  OT1/cmr/bx/n --> OT1/cmr/b/n on input line 148.
LaTeX Font Info:    Overwriting math alphabet `\mathbf' in version `bold'
(Font)                  OT1/cmr/bx/n --> OT1/cmr/b/n on input line 148.
LaTeX Font Info:    Overwriting math alphabet `\mathit' in version `bold'
(Font)                  OT1/cmr/m/it --> OT1/cmr/b/it on input line 149.
LaTeX Font Info:    Overwriting math alphabet `\mathsf' in version `bold'
(Font)                  OT1/cmss/m/n --> OT1/cmss/b/n on input line 150.
LaTeX Font Info:    Overwriting math alphabet `\mathtt' in version `bold'
(Font)                  OT1/cmtt/m/n --> OT1/cmtt/b/n on input line 151.
LaTeX Font Info:    Redeclaring symbol font `letters' on input line 197.
LaTeX Font Info:    Overwriting symbol font `letters' in version `normal'
(Font)                  OML/cmm/m/it --> OML/ntxmi/m/it on input line 197.
LaTeX Font Info:    Overwriting symbol font `letters' in version `bold'
(Font)                  OML/cmm/b/it --> OML/ntxmi/m/it on input line 197.
LaTeX Font Info:    Overwriting symbol font `letters' in version `bold'
(Font)                  OML/ntxmi/m/it --> OML/ntxmi/b/it on input line 198.
\symlettersA=\mathgroup6
LaTeX Font Info:    Overwriting symbol font `lettersA' in version `bold'
(Font)                  U/ntxmia/m/it --> U/ntxmia/b/it on input line 213.
LaTeX Font Info:    Redeclaring math alphabet \mathfrak on input line 215.
LaTeX Font Info:    Redeclaring symbol font `symbols' on input line 221.
LaTeX Font Info:    Overwriting symbol font `symbols' in version `normal'
(Font)                  OMS/cmsy/m/n --> OMS/ntxsy/m/n on input line 221.
LaTeX Font Info:    Overwriting symbol font `symbols' in version `bold'
(Font)                  OMS/cmsy/b/n --> OMS/ntxsy/m/n on input line 221.
LaTeX Font Info:    Overwriting symbol font `symbols' in version `bold'
(Font)                  OMS/ntxsy/m/n --> OMS/ntxsy/b/n on input line 222.
\symAMSm=\mathgroup7
LaTeX Font Info:    Overwriting symbol font `AMSm' in version `bold'
(Font)                  U/ntxsym/m/n --> U/ntxsym/b/n on input line 242.
\symsymbolsC=\mathgroup8
LaTeX Font Info:    Overwriting symbol font `symbolsC' in version `bold'
(Font)                  U/ntxsyc/m/n --> U/ntxsyc/b/n on input line 263.
Now handling font encoding LMX ...
... no UTF-8 mapping file for font encoding LMX
LaTeX Font Info:    Redeclaring symbol font `largesymbols' on input line 276.
LaTeX Font Info:    Encoding `OMX' has changed to `LMX' for symbol font
(Font)              `largesymbols' in the math version `normal' on input line 2
76.
LaTeX Font Info:    Overwriting symbol font `largesymbols' in version `normal'
(Font)                  OMX/cmex/m/n --> LMX/ntxexx/m/n on input line 276.
LaTeX Font Info:    Encoding `OMX' has changed to `LMX' for symbol font
(Font)              `largesymbols' in the math version `bold' on input line 276
.
LaTeX Font Info:    Overwriting symbol font `largesymbols' in version `bold'
(Font)                  OMX/cmex/m/n --> LMX/ntxexx/m/n on input line 276.
LaTeX Font Info:    Overwriting symbol font `largesymbols' in version `bold'
(Font)                  LMX/ntxexx/m/n --> LMX/ntxexx/b/n on input line 277.
\symlargesymbolsTXA=\mathgroup9
LaTeX Font Info:    Overwriting symbol font `largesymbolsTXA' in version `bold'

(Font)                  U/ntxexa/m/n --> U/ntxexa/b/n on input line 291.
LaTeX Info: Redefining \not on input line 1747.
LaTeX Info: Redefining \textsquare on input line 1768.
LaTeX Info: Redefining \openbox on input line 1770.
)
(/usr/share/texmf-dist/tex/latex/oberdiek/pdflscape.sty
Package: pdflscape 2008/08/11 v0.10 Display of landscape pages in PDF (HO)

(/usr/share/texmf-dist/tex/latex/graphics/lscape.sty
Package: lscape 2000/10/22 v3.01 Landscape Pages (DPC)
)
Package pdflscape Info: Auto-detected driver: pdftex on input line 80.
)
(/usr/share/texmf-dist/tex/latex/listings/listings.sty
\lst@mode=\count307
\lst@gtempboxa=\box29
\lst@token=\toks32
\lst@length=\count308
\lst@currlwidth=\dimen130
\lst@column=\count309
\lst@pos=\count310
\lst@lostspace=\dimen131
\lst@width=\dimen132
\lst@newlines=\count311
\lst@lineno=\count312
\lst@maxwidth=\dimen133

(/usr/share/texmf-dist/tex/latex/listings/lstmisc.sty
File: lstmisc.sty 2015/06/04 1.6 (Carsten Heinz)
\c@lstnumber=\count313
\lst@skipnumbers=\count314
\lst@framebox=\box30
)
(/usr/share/texmf-dist/tex/latex/listings/listings.cfg
File: listings.cfg 2015/06/04 1.6 listings configuration
))
Package: listings 2015/06/04 1.6 (Carsten Heinz)

(/usr/share/texmf-dist/tex/latex/pgf/utilities/pgffor.sty
(/usr/share/texmf-dist/tex/latex/pgf/utilities/pgfrcs.sty
(/usr/share/texmf-dist/tex/generic/pgf/utilities/pgfutil-common.tex
\pgfutil@everybye=\toks33
\pgfutil@tempdima=\dimen134
\pgfutil@tempdimb=\dimen135

(/usr/share/texmf-dist/tex/generic/pgf/utilities/pgfutil-common-lists.tex))
(/usr/share/texmf-dist/tex/generic/pgf/utilities/pgfutil-latex.def
\pgfutil@abb=\box31

(/usr/share/texmf-dist/tex/latex/ms/everyshi.sty
Package: everyshi 2001/05/15 v3.00 EveryShipout Package (MS)
))
(/usr/share/texmf-dist/tex/generic/pgf/utilities/pgfrcs.code.tex
Package: pgfrcs 2015/08/07 v3.0.1a (rcs-revision 1.31)
))
(/usr/share/texmf-dist/tex/latex/pgf/utilities/pgfkeys.sty
(/usr/share/texmf-dist/tex/generic/pgf/utilities/pgfkeys.code.tex
\pgfkeys@pathtoks=\toks34
\pgfkeys@temptoks=\toks35

(/usr/share/texmf-dist/tex/generic/pgf/utilities/pgfkeysfiltered.code.tex
\pgfkeys@tmptoks=\toks36
)))
(/usr/share/texmf-dist/tex/latex/pgf/math/pgfmath.sty
(/usr/share/texmf-dist/tex/generic/pgf/math/pgfmath.code.tex
(/usr/share/texmf-dist/tex/generic/pgf/math/pgfmathcalc.code.tex
(/usr/share/texmf-dist/tex/generic/pgf/math/pgfmathutil.code.tex
\pgf@x=\dimen136
\pgf@xa=\dimen137
\pgf@xb=\dimen138
\pgf@xc=\dimen139
\pgf@y=\dimen140
\pgf@ya=\dimen141
\pgf@yb=\dimen142
\pgf@yc=\dimen143
\c@pgf@counta=\count315
\c@pgf@countb=\count316
\c@pgf@countc=\count317
\c@pgf@countd=\count318
)
(/usr/share/texmf-dist/tex/generic/pgf/math/pgfmathparser.code.tex
\pgfmath@dimen=\dimen144
\pgfmath@count=\count319
\pgfmath@box=\box32
\pgfmath@toks=\toks37
\pgfmath@stack@operand=\toks38
\pgfmath@stack@operation=\toks39
)
(/usr/share/texmf-dist/tex/generic/pgf/math/pgfmathfunctions.code.tex
(/usr/share/texmf-dist/tex/generic/pgf/math/pgfmathfunctions.basic.code.tex)
(/usr/share/texmf-dist/tex/generic/pgf/math/pgfmathfunctions.trigonometric.code
.tex)
(/usr/share/texmf-dist/tex/generic/pgf/math/pgfmathfunctions.random.code.tex)
(/usr/share/texmf-dist/tex/generic/pgf/math/pgfmathfunctions.comparison.code.te
x) (/usr/share/texmf-dist/tex/generic/pgf/math/pgfmathfunctions.base.code.tex)
(/usr/share/texmf-dist/tex/generic/pgf/math/pgfmathfunctions.round.code.tex)
(/usr/share/texmf-dist/tex/generic/pgf/math/pgfmathfunctions.misc.code.tex)
(/usr/share/texmf-dist/tex/generic/pgf/math/pgfmathfunctions.integerarithmetics
.code.tex))) (/usr/share/texmf-dist/tex/generic/pgf/math/pgfmathfloat.code.tex
\c@pgfmathroundto@lastzeros=\count320
))) (/usr/share/texmf-dist/tex/generic/pgf/utilities/pgffor.code.tex
Package: pgffor 2013/12/13 v3.0.1a (rcs-revision 1.25)

(/usr/share/texmf-dist/tex/generic/pgf/math/pgfmath.code.tex)
\pgffor@iter=\dimen145
\pgffor@skip=\dimen146
\pgffor@stack=\toks40
\pgffor@toks=\toks41
))
(/usr/share/texmf-dist/tex/latex/fancyhdr/fancyhdr.sty
\fancy@headwidth=\skip64
\f@ncyO@elh=\skip65
\f@ncyO@erh=\skip66
\f@ncyO@olh=\skip67
\f@ncyO@orh=\skip68
\f@ncyO@elf=\skip69
\f@ncyO@erf=\skip70
\f@ncyO@olf=\skip71
\f@ncyO@orf=\skip72
)
   defining Unicode char U+20AC (decimal 8364)
   defining Unicode char U+2010 (decimal 8208)
Package biblatex Info: Trying to load language 'catalan'...
Package biblatex Info: ... file 'catalan.lbx' found.

(/usr/share/texmf-dist/tex/latex/biblatex/lbx/catalan.lbx
File: catalan.lbx 2015/10/21 v3.1 biblatex localization (PK/JW/AB)
) (./main.aux

LaTeX Warning: Label `fig:gantt' multiply defined.

)
\openout1 = `main.aux'.

LaTeX Font Info:    Checking defaults for OML/ntxmi/m/it on input line 31.
LaTeX Font Info:    Try loading font information for OML+ntxmi on input line 31
.
 (/usr/share/texmf-dist/tex/latex/newtx/omlntxmi.fd
File: omlntxmi.fd 2015/08/25 Fontinst v1.933 font definitions for OML/ntxmi.
)
LaTeX Font Info:    ... okay on input line 31.
LaTeX Font Info:    Checking defaults for T1/cmr/m/n on input line 31.
LaTeX Font Info:    ... okay on input line 31.
LaTeX Font Info:    Checking defaults for OT1/cmr/m/n on input line 31.
LaTeX Font Info:    ... okay on input line 31.
LaTeX Font Info:    Checking defaults for OMS/ntxsy/m/n on input line 31.
LaTeX Font Info:    Try loading font information for OMS+ntxsy on input line 31
.

(/usr/share/texmf-dist/tex/latex/newtx/omsntxsy.fd
File: omsntxsy.fd 2012/11/14 Fontinst v1.933 font definitions for OMS/ntxsy.
)
LaTeX Font Info:    ... okay on input line 31.
LaTeX Font Info:    Checking defaults for OMX/cmex/m/n on input line 31.
LaTeX Font Info:    ... okay on input line 31.
LaTeX Font Info:    Checking defaults for U/ntxexa/m/n on input line 31.
LaTeX Font Info:    Try loading font information for U+ntxexa on input line 31.


(/usr/share/texmf-dist/tex/latex/newtx/untxexa.fd
File: untxexa.fd 2012/04/16 Fontinst v1.933 font definitions for U/ntxexa.
)
LaTeX Font Info:    ... okay on input line 31.
LaTeX Font Info:    Checking defaults for PD1/pdf/m/n on input line 31.
LaTeX Font Info:    ... okay on input line 31.
LaTeX Font Info:    Checking defaults for LMX/ntxexx/m/n on input line 31.
LaTeX Font Info:    ... okay on input line 31.
Package biblatex Info: Input encoding 'utf8' detected.
Package biblatex Info: Automatic encoding selection.
(biblatex)             Assuming data encoding 'utf8'.
\openout3 = `main.bcf'.

Package biblatex Info: Trying to load bibliographic data...
Package biblatex Info: ... file 'main.bbl' found.
 (./main.bbl)
Package biblatex Info: Reference section=0 on input line 31.
Package biblatex Info: Reference segment=0 on input line 31.
LaTeX Info: Redefining \l on input line 31.
LaTeX Info: Redefining \L on input line 31.

(/usr/share/texmf-dist/tex/context/base/supp-pdf.mkii
[Loading MPS to PDF converter (version 2006.09.02).]
\scratchcounter=\count321
\scratchdimen=\dimen147
\scratchbox=\box33
\nofMPsegments=\count322
\nofMParguments=\count323
\everyMPshowfont=\toks42
\MPscratchCnt=\count324
\MPscratchDim=\dimen148
\MPnumerator=\count325
\makeMPintoPDFobject=\count326
\everyMPtoPDFconversion=\toks43
) (/usr/share/texmf-dist/tex/latex/oberdiek/epstopdf-base.sty
Package: epstopdf-base 2010/02/09 v2.5 Base part for package epstopdf

(/usr/share/texmf-dist/tex/latex/oberdiek/grfext.sty
Package: grfext 2010/08/19 v1.1 Manage graphics extensions (HO)
)
Package grfext Info: Graphics extension search list:
(grfext)             [.png,.pdf,.jpg,.mps,.jpeg,.jbig2,.jb2,.PNG,.PDF,.JPG,.JPE
G,.JBIG2,.JB2,.eps]
(grfext)             \AppendGraphicsExtensions on input line 452.

(/usr/share/texmf-dist/tex/latex/latexconfig/epstopdf-sys.cfg
File: epstopdf-sys.cfg 2010/07/13 v1.3 Configuration of (r)epstopdf for TeX Liv
e
))
*geometry* driver: auto-detecting
*geometry* detected driver: pdftex
*geometry* verbose mode - [ preamble ] result:
* driver: pdftex
* paper: a4paper
* layout: <same size as paper>
* layoutoffset:(h,v)=(0.0pt,0.0pt)
* modes: 
* h-part:(L,W,R)=(108.405pt, 380.69788pt, 108.405pt)
* v-part:(T,H,B)=(108.405pt, 628.23685pt, 108.405pt)
* \paperwidth=597.50787pt
* \paperheight=845.04684pt
* \textwidth=380.69788pt
* \textheight=628.23685pt
* \oddsidemargin=36.13501pt
* \evensidemargin=36.13501pt
* \topmargin=-0.86499pt
* \headheight=12.0pt
* \headsep=25.0pt
* \topskip=10.0pt
* \footskip=30.0pt
* \marginparwidth=57.0pt
* \marginparsep=11.0pt
* \columnsep=10.0pt
* \skip\footins=9.0pt plus 4.0pt minus 2.0pt
* \hoffset=0.0pt
* \voffset=0.0pt
* \mag=1000
* \@twocolumnfalse
* \@twosidefalse
* \@mparswitchfalse
* \@reversemarginfalse
* (1in=72.27pt=25.4mm, 1cm=28.453pt)

\AtBeginShipoutBox=\box34
Package hyperref Info: Link coloring OFF on input line 31.
(/usr/share/texmf-dist/tex/latex/hyperref/nameref.sty
Package: nameref 2012/10/27 v2.43 Cross-referencing by name of section

(/usr/share/texmf-dist/tex/generic/oberdiek/gettitlestring.sty
Package: gettitlestring 2010/12/03 v1.4 Cleanup title references (HO)
)
\c@section@level=\count327
)
LaTeX Info: Redefining \ref on input line 31.
LaTeX Info: Redefining \pageref on input line 31.
LaTeX Info: Redefining \nameref on input line 31.
 (./main.out)
(./main.out)
\@outlinefile=\write4
\openout4 = `main.out'.

\c@lstlisting=\count328
 ABD: EveryShipout initializing macros
<figures/logo3.png, id=381, 4236.13385pt x 1091.277pt>
File: figures/logo3.png Graphic file (type png)
 <use figures/logo3.png>
Package pdftex.def Info: figures/logo3.png used on input line 38.
(pdftex.def)             Requested size: 380.65385pt x 75.41475pt.

[1

{/var/lib/texmf/fonts/map/pdftex/updmap/pdftex.map} <./figures/logo3.png>]
(./capitols/abstract.texpdfTeX warning (ext4): destination with the same identi
fier (name{page.1}) has been already used, duplicate ignored
<to be read again> 
                   \relax 
l.20 \clearpage
                [1]) (./main.toc

LaTeX Font Warning: Font shape `OT1/cmr/m/n' in size <5.5> not available
(Font)              size <5> substituted on input line 7.

LaTeX Font Info:    Try loading font information for U+msa on input line 7.
(/usr/share/texmf-dist/tex/latex/amsfonts/umsa.fd
File: umsa.fd 2013/01/14 v3.01 AMS symbols A
)
LaTeX Font Info:    Try loading font information for U+msb on input line 7.

(/usr/share/texmf-dist/tex/latex/amsfonts/umsb.fd
File: umsb.fd 2013/01/14 v3.01 AMS symbols B
)
LaTeX Font Info:    Try loading font information for U+ntxmia on input line 7.

(/usr/share/texmf-dist/tex/latex/newtx/untxmia.fd
File: untxmia.fd 2012/04/16 Fontinst v1.933 font definitions for U/ntxmia.
)
LaTeX Font Info:    Try loading font information for U+ntxsym on input line 7.

(/usr/share/texmf-dist/tex/latex/newtx/untxsym.fd
File: untxsym.fd 2015/03/20 Fontinst v1.933 font definitions for U/ntxsym.
)
LaTeX Font Info:    Try loading font information for U+ntxsyc on input line 7.

(/usr/share/texmf-dist/tex/latex/newtx/untxsyc.fd
File: untxsyc.fd 2012/04/12 Fontinst v1.933 font definitions for U/ntxsyc.
) [2


] [3] [4])
\tf@toc=\write5
\openout5 = `main.toc'.

 [5]

Package Fancyhdr Warning: \fancyhead's `E' option without twoside option is use
less on input line 85.


Package Fancyhdr Warning: \fancyhead's `E' option without twoside option is use
less on input line 86.


Package Fancyhdr Warning: \fancyfoot's `E' option without twoside option is use
less on input line 89.


Package Fancyhdr Warning: \fancyfoot's `E' option without twoside option is use
less on input line 90.

(./capitols/introduccio.tex
Cap\'{\i }tol 1.
LaTeX Font Info:    Try loading font information for OMS+cmr on input line 14.
(/usr/share/texmf-dist/tex/latex/base/omscmr.fd
File: omscmr.fd 2014/09/29 v2.5h Standard LaTeX font definitions
)
LaTeX Font Info:    Font shape `OMS/cmr/m/n' in size <10> not available
(Font)              Font shape `OMS/cmsy/m/n' tried instead on input line 14.


Package Fancyhdr Warning: \fancyfoot's `E' option without twoside option is use
less on input line 22.


Package Fancyhdr Warning: \fancyfoot's `E' option without twoside option is use
less on input line 22.

[6


]

LaTeX Warning: Reference `sec:introduccio-bpmn' on page 7 undefined on input li
ne 32.

<figures/UlmHospital.png, id=525, 900.36375pt x 577.15625pt>
File: figures/UlmHospital.png Graphic file (type png)

<use figures/UlmHospital.png>
Package pdftex.def Info: figures/UlmHospital.png used on input line 74.
(pdftex.def)             Requested size: 380.69788pt x 244.0332pt.
 [7] [8 <./figures/UlmHospital.png>]
<figures/bpmn-task.png, id=550, 393.47pt x 277.035pt>
File: figures/bpmn-task.png Graphic file (type png)

<use figures/bpmn-task.png>
Package pdftex.def Info: figures/bpmn-task.png used on input line 103.
(pdftex.def)             Requested size: 114.21051pt x 80.40994pt.
 [9 <./figures/bpmn-task.png>]
<figures/bpmn-sequenceflows.png, id=562, 1088.065pt x 407.5225pt>
File: figures/bpmn-sequenceflows.png Graphic file (type png)

<use figures/bpmn-sequenceflows.png>
Package pdftex.def Info: figures/bpmn-sequenceflows.png used on input line 116.

(pdftex.def)             Requested size: 304.55945pt x 114.0682pt.

<figures/bpmn-events.jpg, id=564, 503.63156pt x 397.485pt>
File: figures/bpmn-events.jpg Graphic file (type jpg)

<use figures/bpmn-events.jpg>
Package pdftex.def Info: figures/bpmn-events.jpg used on input line 130.
(pdftex.def)             Requested size: 266.48735pt x 210.32033pt.
 [10 <./figures/bpmn-sequenceflows.png>]
<figures/bpmn-gateways.jpg, id=577, 553.06625pt x 71.26625pt>
File: figures/bpmn-gateways.jpg Graphic file (type jpg)

<use figures/bpmn-gateways.jpg>
Package pdftex.def Info: figures/bpmn-gateways.jpg used on input line 144.
(pdftex.def)             Requested size: 266.48735pt x 34.33789pt.


LaTeX Warning: Reference `fig:exclusive-gateway-example' on page 11 undefined o
n input line 149.


LaTeX Warning: Reference `fig:pool-swimlane-example' on page 11 undefined on in
put line 153.

<figures/bpmn-pools.png, id=578, 952.55875pt x 643.40375pt>
File: figures/bpmn-pools.png Graphic file (type png)

<use figures/bpmn-pools.png>
Package pdftex.def Info: figures/bpmn-pools.png used on input line 157.
(pdftex.def)             Requested size: 304.55945pt x 205.71669pt.
 [11 <./figures/bpmn-events.jpg> <./figures/bpmn-gateways.jpg>] [12 <./figures/
bpmn-pools.png>] [13]
LaTeX Font Info:    Font shape `OMS/cmr/bx/n' in size <10> not available
(Font)              Font shape `OMS/cmsy/b/n' tried instead on input line 216.
 [14]
<figures/el_paper_fig.png, id=625, 807.015pt x 143.53625pt>
File: figures/el_paper_fig.png Graphic file (type png)

<use figures/el_paper_fig.png>
Package pdftex.def Info: figures/el_paper_fig.png used on input line 240.
(pdftex.def)             Requested size: 380.69788pt x 67.71172pt.
 [15 <./figures/el_paper_fig.png>]

LaTeX Warning: Reference `sec:enfoc' on page 16 undefined on input line 283.

[16] <figures/estructura_projecte.png, id=672, 614.295pt x 602.25pt>
File: figures/estructura_projecte.png Graphic file (type png)

<use figures/estructura_projecte.png>
Package pdftex.def Info: figures/estructura_projecte.png used on input line 297
.
(pdftex.def)             Requested size: 304.55945pt x 298.58792pt.
 [17 <./figures/estructura_projecte.png>]
<figures/interficie1.png, id=687, 1600.98125pt x 902.37125pt>
File: figures/interficie1.png Graphic file (type png)

<use figures/interficie1.png>
Package pdftex.def Info: figures/interficie1.png used on input line 330.
(pdftex.def)             Requested size: 380.69788pt x 214.56323pt.
) (./capitols/enfoc.tex [18] [19 <./figures/interficie1.png>]
Cap\'{\i }tol 2.
<diagrams/Enfoc_Diagrama.png, id=700, 2541.495pt x 614.295pt>
File: diagrams/Enfoc_Diagrama.png Graphic file (type png)

<use diagrams/Enfoc_Diagrama.png>
Package pdftex.def Info: diagrams/Enfoc_Diagrama.png used on input line 13.
(pdftex.def)             Requested size: 380.69788pt x 92.00903pt.


Package Fancyhdr Warning: \fancyfoot's `E' option without twoside option is use
less on input line 22.


Package Fancyhdr Warning: \fancyfoot's `E' option without twoside option is use
less on input line 22.

[20

 <./diagrams/Enfoc_Diagrama.png>]
<figures/exemple-secretary.png, id=708, 548.0475pt x 387.4475pt>
File: figures/exemple-secretary.png Graphic file (type png)

<use figures/exemple-secretary.png>
Package pdftex.def Info: figures/exemple-secretary.png used on input line 28.
(pdftex.def)             Requested size: 266.48735pt x 188.39659pt.
 [21 <./figures/exemple-secretary.png>]
Overfull \hbox (25.82552pt too wide) in paragraph at lines 54--54
[]\OT1/cmr/m/n/10 Considerant els vec-tors de ca-rac-ter^^S^^Pstiques com a vec
-tors pr^^Ropiament
 []

[22]

LaTeX Warning: Reference `behavioral_profiles' on page 23 undefined on input li
ne 77.

[23]

LaTeX Warning: Reference `introduccio-bpmn' on page 24 undefined on input line 
90.

[24]

LaTeX Warning: Reference `sec-introduccio-bpmn' on page 25 undefined on input l
ine 108.

[25]) (./capitols/implementacio.tex [26]
Cap\'{\i }tol 3.
<diagrams/Implementacio_Diagrama.png, id=772, 2437.105pt x 2368.85pt>
File: diagrams/Implementacio_Diagrama.png Graphic file (type png)

<use diagrams/Implementacio_Diagrama.png>
Package pdftex.def Info: diagrams/Implementacio_Diagrama.png used on input line
 18.
(pdftex.def)             Requested size: 380.69788pt x 370.02347pt.


LaTeX Warning: `!h' float specifier changed to `!ht'.


Package Fancyhdr Warning: \fancyfoot's `E' option without twoside option is use
less on input line 34.


Package Fancyhdr Warning: \fancyfoot's `E' option without twoside option is use
less on input line 34.

[27

] [28 <./diagrams/Implementacio_Diagrama.png>] [29] [30]

LaTeX Warning: Reference `sec:enfoc-model' on page 31 undefined on input line 1
05.

[31] <figures/algorithm_comparison.png, id=817, 281.55188pt x 243.91125pt>
File: figures/algorithm_comparison.png Graphic file (type png)

<use figures/algorithm_comparison.png>
Package pdftex.def Info: figures/algorithm_comparison.png used on input line 11
8.
(pdftex.def)             Requested size: 228.42104pt x 197.88338pt.
 [32 <./figures/algorithm_comparison.png>] [33] [34] [35]) (./capitols/experime
nts.tex [36]
Cap\'{\i }tol 4.

LaTeX Warning: Reference `sec:logs' on page 37 undefined on input line 8.


Package Fancyhdr Warning: \fancyfoot's `E' option without twoside option is use
less on input line 20.


Package Fancyhdr Warning: \fancyfoot's `E' option without twoside option is use
less on input line 20.

[37

] [38] [39]

LaTeX Warning: Reference `experiments-inconsistencies' on page 40 undefined on 
input line 73.


Overfull \hbox (58.29953pt too wide) in paragraph at lines 90--102
[][] 
 []


Overfull \hbox (58.29953pt too wide) in paragraph at lines 107--119
[][] 
 []

[40] [41] [42]
Overfull \hbox (8.76883pt too wide) in paragraph at lines 180--196
 [] 
 []

[43]
Overfull \hbox (8.76883pt too wide) in paragraph at lines 203--220
 [] 
 []

[44]
Overfull \hbox (8.76883pt too wide) in paragraph at lines 227--243
 [] 
 []

[45]
Overfull \hbox (8.76883pt too wide) in paragraph at lines 250--266
 [] 
 []

[46] [47]) (./capitols/gestio_projecte.tex [48]
Cap\'{\i }tol 5.

Package Fancyhdr Warning: \fancyfoot's `E' option without twoside option is use
less on input line 22.


Package Fancyhdr Warning: \fancyfoot's `E' option without twoside option is use
less on input line 22.

[49

] [50] [51]

LaTeX Warning: Reference `fig:gantt_despres' on page 52 undefined on input line
 140.

[52] <figures/gantt1.png, id=981, 452.4403pt x 284.56313pt>
File: figures/gantt1.png Graphic file (type png)

<use figures/gantt1.png>
Package pdftex.def Info: figures/gantt1.png used on input line 146.
(pdftex.def)             Requested size: 380.69788pt x 239.43954pt.

<figures/gantt2.png, id=982, 730.22812pt x 284.56313pt>
File: figures/gantt2.png Graphic file (type png)

<use figures/gantt2.png>
Package pdftex.def Info: figures/gantt2.png used on input line 147.
(pdftex.def)             Requested size: 380.69788pt x 148.35577pt.
 <figures/gantt2_1.png, id=983, 722.7pt x 374.39874pt>
File: figures/gantt2_1.png Graphic file (type png)

<use figures/gantt2_1.png>
Package pdftex.def Info: figures/gantt2_1.png used on input line 154.
(pdftex.def)             Requested size: 380.69788pt x 197.22498pt.

<figures/gantt2_2.png, id=984, 773.89125pt x 381.425pt>
File: figures/gantt2_2.png Graphic file (type png)

<use figures/gantt2_2.png>
Package pdftex.def Info: figures/gantt2_2.png used on input line 155.
(pdftex.def)             Requested size: 380.69788pt x 187.63321pt.
 [53 <./figures/gantt1.png> <./figures/gantt2.png>]
[54 <./figures/gantt2_1.png> <./figures/gantt2_2.png>] [55

]

LaTeX Warning: No positions in optional float specifier.
               Default added (so using `tbp') on input line 223.

[56] [57] [58] [59] [60] [61] [62]) (./capitols/conclusions.tex [63]
Cap\'{\i }tol 6.

Package Fancyhdr Warning: \fancyfoot's `E' option without twoside option is use
less on input line 16.


Package Fancyhdr Warning: \fancyfoot's `E' option without twoside option is use
less on input line 16.

[64

]) [65]

Package Fancyhdr Warning: \fancyfoot's `E' option without twoside option is use
less on input line 112.


Package Fancyhdr Warning: \fancyfoot's `E' option without twoside option is use
less on input line 112.

[66

]

Package Fancyhdr Warning: \fancyhead's `E' option without twoside option is use
less on input line 114.

(./appendixs/benchmark.tex [67]
Ap\`endix A.

Package Fancyhdr Warning: \fancyfoot's `E' option without twoside option is use
less on input line 10.


Package Fancyhdr Warning: \fancyfoot's `E' option without twoside option is use
less on input line 10.

[68


]
LaTeX Font Info:    Font shape `OT1/cmtt/bx/n' in size <14.4> not available
(Font)              Font shape `OT1/cmtt/m/n' tried instead on input line 11.
 <figures/benchmark/Credit-scoring.png, id=1134, 1254.6875pt x 905.3825pt>
File: figures/benchmark/Credit-scoring.png Graphic file (type png)

<use figures/benchmark/Credit-scoring.png>
Package pdftex.def Info: figures/benchmark/Credit-scoring.png used on input lin
e 21.
(pdftex.def)             Requested size: 380.69788pt x 274.71141pt.
 [69

 <./figures/benchmark/Credit-scoring.png>]
<figures/benchmark/Self-service-restaurant.png, id=1143, 1544.77126pt x 926.461
24pt>
File: figures/benchmark/Self-service-restaurant.png Graphic file (type png)
 <use figures/benchmark/Self-service-restaurant.png>
Package pdftex.def Info: figures/benchmark/Self-service-restaurant.png used on 
input line 37.
(pdftex.def)             Requested size: 380.69788pt x 228.32089pt.
 [70

 <./figures/benchmark/Self-service-restaurant.png>]
<figures/benchmark/Dispatch-of-goods.png, id=1151, 1276.77pt x 766.865pt>
File: figures/benchmark/Dispatch-of-goods.png Graphic file (type png)

<use figures/benchmark/Dispatch-of-goods.png>
Package pdftex.def Info: figures/benchmark/Dispatch-of-goods.png used on input 
line 54.
(pdftex.def)             Requested size: 380.69788pt x 228.6571pt.
 [71

 <./figures/benchmark/Dispatch-of-goods.png>]
<figures/benchmark/Recourse.png, id=1159, 1297.84875pt x 435.6275pt>
File: figures/benchmark/Recourse.png Graphic file (type png)

<use figures/benchmark/Recourse.png>
Package pdftex.def Info: figures/benchmark/Recourse.png used on input line 70.
(pdftex.def)             Requested size: 380.69788pt x 127.7778pt.
 [72

 <./figures/benchmark/Recourse.png>]
<figures/benchmark/Bicycle_Manufacturer.png, id=1168, 1379.1525pt x 676.5275pt>
File: figures/benchmark/Bicycle_Manufacturer.png Graphic file (type png)
<use figures/benchmark/Bicycle_Manufacturer.png>
Package pdftex.def Info: figures/benchmark/Bicycle_Manufacturer.png used on inp
ut line 86.
(pdftex.def)             Requested size: 380.69788pt x 186.74243pt.
 [73

 <./figures/benchmark/Bicycle_Manufacturer.png>]
<figures/benchmark/Computer_Repair.png, id=1176, 1177.39874pt x 653.44125pt>
File: figures/benchmark/Computer_Repair.png Graphic file (type png)

<use figures/benchmark/Computer_Repair.png>
Package pdftex.def Info: figures/benchmark/Computer_Repair.png used on input li
ne 103.
(pdftex.def)             Requested size: 380.69788pt x 211.27908pt.
 [74

 <./figures/benchmark/Computer_Repair.png>] <figures/benchmark/Hotel.png, id=11
85, 1367.1075pt x 964.60374pt>
File: figures/benchmark/Hotel.png Graphic file (type png)

<use figures/benchmark/Hotel.png>
Package pdftex.def Info: figures/benchmark/Hotel.png used on input line 119.
(pdftex.def)             Requested size: 380.69788pt x 268.60062pt.
 [75

 <./figures/benchmark/Hotel.png>]
<figures/benchmark/Underwriter.png, id=1193, 1335.99126pt x 522.95375pt>
File: figures/benchmark/Underwriter.png Graphic file (type png)

<use figures/benchmark/Underwriter.png>
Package pdftex.def Info: figures/benchmark/Underwriter.png used on input line 1
39.
(pdftex.def)             Requested size: 380.69788pt x 149.01942pt.
 [76

 <./figures/benchmark/Underwriter.png>] <figures/benchmark/Hospital.png, id=120
1, 1630.09pt x 621.32124pt>
File: figures/benchmark/Hospital.png Graphic file (type png)

<use figures/benchmark/Hospital.png>
Package pdftex.def Info: figures/benchmark/Hospital.png used on input line 155.

(pdftex.def)             Requested size: 380.69788pt x 145.10037pt.
 [77

 <./figures/benchmark/Hospital.png>]
<figures/benchmark/Zoo.png, id=1209, 1538.74875pt x 849.1725pt>
File: figures/benchmark/Zoo.png Graphic file (type png)

<use figures/benchmark/Zoo.png>
Package pdftex.def Info: figures/benchmark/Zoo.png used on input line 172.
(pdftex.def)             Requested size: 380.69788pt x 210.08986pt.
 [78

 <./figures/benchmark/Zoo.png>]
*geometry* verbose mode - [ newgeometry ] result:
* driver: pdftex
* paper: a4paper
* layout: <same size as paper>
* layoutoffset:(h,v)=(0.0pt,0.0pt)
* modes: 
* h-part:(L,W,R)=(28.45274pt, 479.42804pt, 89.62709pt)
* v-part:(T,H,B)=(256.0748pt, 487.5654pt, 101.40665pt)
* \paperwidth=597.50787pt
* \paperheight=845.04684pt
* \textwidth=479.42804pt
* \textheight=487.5654pt
* \oddsidemargin=-43.81725pt
* \evensidemargin=-43.81725pt
* \topmargin=146.80481pt
* \headheight=12.0pt
* \headsep=25.0pt
* \topskip=10.0pt
* \footskip=30.0pt
* \marginparwidth=57.0pt
* \marginparsep=11.0pt
* \columnsep=10.0pt
* \skip\footins=9.0pt plus 4.0pt minus 2.0pt
* \hoffset=0.0pt
* \voffset=0.0pt
* \mag=1000
* \@twocolumnfalse
* \@twosidefalse
* \@mparswitchfalse
* \@reversemarginfalse
* (1in=72.27pt=25.4mm, 1cm=28.453pt)

File: figures/benchmark/Credit-scoring.png Graphic file (type png)

<use figures/benchmark/Credit-scoring.png>
Package pdftex.def Info: figures/benchmark/Credit-scoring.png used on input lin
e 185.
(pdftex.def)             Requested size: 623.2579pt x 449.76135pt.

Overfull \hbox (143.82986pt too wide) in paragraph at lines 185--186
 [][] 
 []

[79



]
*geometry* verbose mode - [ newgeometry ] result:
* driver: pdftex
* paper: a4paper
* layout: <same size as paper>
* layoutoffset:(h,v)=(0.0pt,0.0pt)
* modes: 
* h-part:(L,W,R)=(28.45274pt, 479.42804pt, 89.62709pt)
* v-part:(T,H,B)=(256.0748pt, 487.5654pt, 101.40665pt)
* \paperwidth=597.50787pt
* \paperheight=845.04684pt
* \textwidth=479.42804pt
* \textheight=487.5654pt
* \oddsidemargin=-43.81725pt
* \evensidemargin=-43.81725pt
* \topmargin=146.80481pt
* \headheight=12.0pt
* \headsep=25.0pt
* \topskip=10.0pt
* \footskip=30.0pt
* \marginparwidth=57.0pt
* \marginparsep=11.0pt
* \columnsep=10.0pt
* \skip\footins=9.0pt plus 4.0pt minus 2.0pt
* \hoffset=0.0pt
* \voffset=0.0pt
* \mag=1000
* \@twocolumnfalse
* \@twosidefalse
* \@mparswitchfalse
* \@reversemarginfalse
* (1in=72.27pt=25.4mm, 1cm=28.453pt)

File: figures/benchmark/Self-service-restaurant.png Graphic file (type png)
 <use figures/benchmark/Self-service-restaurant.png>
Package pdftex.def Info: figures/benchmark/Self-service-restaurant.png used on 
input line 199.
(pdftex.def)             Requested size: 623.2579pt x 373.78694pt.

Overfull \hbox (143.82986pt too wide) in paragraph at lines 199--200
 [][] 
 []

[80




]
*geometry* verbose mode - [ newgeometry ] result:
* driver: pdftex
* paper: a4paper
* layout: <same size as paper>
* layoutoffset:(h,v)=(0.0pt,0.0pt)
* modes: 
* h-part:(L,W,R)=(28.45274pt, 479.42804pt, 89.62709pt)
* v-part:(T,H,B)=(256.0748pt, 487.5654pt, 101.40665pt)
* \paperwidth=597.50787pt
* \paperheight=845.04684pt
* \textwidth=479.42804pt
* \textheight=487.5654pt
* \oddsidemargin=-43.81725pt
* \evensidemargin=-43.81725pt
* \topmargin=146.80481pt
* \headheight=12.0pt
* \headsep=25.0pt
* \topskip=10.0pt
* \footskip=30.0pt
* \marginparwidth=57.0pt
* \marginparsep=11.0pt
* \columnsep=10.0pt
* \skip\footins=9.0pt plus 4.0pt minus 2.0pt
* \hoffset=0.0pt
* \voffset=0.0pt
* \mag=1000
* \@twocolumnfalse
* \@twosidefalse
* \@mparswitchfalse
* \@reversemarginfalse
* (1in=72.27pt=25.4mm, 1cm=28.453pt)

File: figures/benchmark/Dispatch-of-goods.png Graphic file (type png)
 <use figures/benchmark/Dispatch-of-goods.png>
Package pdftex.def Info: figures/benchmark/Dispatch-of-goods.png used on input 
line 213.
(pdftex.def)             Requested size: 623.2579pt x 374.35127pt.

Overfull \hbox (143.82986pt too wide) in paragraph at lines 213--214
 [][] 
 []

[81




]
*geometry* verbose mode - [ newgeometry ] result:
* driver: pdftex
* paper: a4paper
* layout: <same size as paper>
* layoutoffset:(h,v)=(0.0pt,0.0pt)
* modes: 
* h-part:(L,W,R)=(28.45274pt, 479.42804pt, 89.62709pt)
* v-part:(T,H,B)=(256.0748pt, 487.5654pt, 101.40665pt)
* \paperwidth=597.50787pt
* \paperheight=845.04684pt
* \textwidth=479.42804pt
* \textheight=487.5654pt
* \oddsidemargin=-43.81725pt
* \evensidemargin=-43.81725pt
* \topmargin=146.80481pt
* \headheight=12.0pt
* \headsep=25.0pt
* \topskip=10.0pt
* \footskip=30.0pt
* \marginparwidth=57.0pt
* \marginparsep=11.0pt
* \columnsep=10.0pt
* \skip\footins=9.0pt plus 4.0pt minus 2.0pt
* \hoffset=0.0pt
* \voffset=0.0pt
* \mag=1000
* \@twocolumnfalse
* \@twosidefalse
* \@mparswitchfalse
* \@reversemarginfalse
* (1in=72.27pt=25.4mm, 1cm=28.453pt)

File: figures/benchmark/Recourse.png Graphic file (type png)
 <use figures/benchmark/Recourse.png>
Package pdftex.def Info: figures/benchmark/Recourse.png used on input line 227.

(pdftex.def)             Requested size: 623.2579pt x 209.19853pt.

Overfull \hbox (143.82986pt too wide) in paragraph at lines 227--228
 [][] 
 []

[82



]
*geometry* verbose mode - [ newgeometry ] result:
* driver: pdftex
* paper: a4paper
* layout: <same size as paper>
* layoutoffset:(h,v)=(0.0pt,0.0pt)
* modes: 
* h-part:(L,W,R)=(28.45274pt, 479.42804pt, 89.62709pt)
* v-part:(T,H,B)=(256.0748pt, 487.5654pt, 101.40665pt)
* \paperwidth=597.50787pt
* \paperheight=845.04684pt
* \textwidth=479.42804pt
* \textheight=487.5654pt
* \oddsidemargin=-43.81725pt
* \evensidemargin=-43.81725pt
* \topmargin=146.80481pt
* \headheight=12.0pt
* \headsep=25.0pt
* \topskip=10.0pt
* \footskip=30.0pt
* \marginparwidth=57.0pt
* \marginparsep=11.0pt
* \columnsep=10.0pt
* \skip\footins=9.0pt plus 4.0pt minus 2.0pt
* \hoffset=0.0pt
* \voffset=0.0pt
* \mag=1000
* \@twocolumnfalse
* \@twosidefalse
* \@mparswitchfalse
* \@reversemarginfalse
* (1in=72.27pt=25.4mm, 1cm=28.453pt)

File: figures/benchmark/Bicycle_Manufacturer.png Graphic file (type png)
 <use figures/benchmark/Bicycle_Manufacturer.png>
Package pdftex.def Info: figures/benchmark/Bicycle_Manufacturer.png used on inp
ut line 241.
(pdftex.def)             Requested size: 623.2579pt x 305.73524pt.

Overfull \hbox (143.82986pt too wide) in paragraph at lines 241--242
 [][] 
 []

[83




]
*geometry* verbose mode - [ newgeometry ] result:
* driver: pdftex
* paper: a4paper
* layout: <same size as paper>
* layoutoffset:(h,v)=(0.0pt,0.0pt)
* modes: 
* h-part:(L,W,R)=(28.45274pt, 479.42804pt, 89.62709pt)
* v-part:(T,H,B)=(256.0748pt, 487.5654pt, 101.40665pt)
* \paperwidth=597.50787pt
* \paperheight=845.04684pt
* \textwidth=479.42804pt
* \textheight=487.5654pt
* \oddsidemargin=-43.81725pt
* \evensidemargin=-43.81725pt
* \topmargin=146.80481pt
* \headheight=12.0pt
* \headsep=25.0pt
* \topskip=10.0pt
* \footskip=30.0pt
* \marginparwidth=57.0pt
* \marginparsep=11.0pt
* \columnsep=10.0pt
* \skip\footins=9.0pt plus 4.0pt minus 2.0pt
* \hoffset=0.0pt
* \voffset=0.0pt
* \mag=1000
* \@twocolumnfalse
* \@twosidefalse
* \@mparswitchfalse
* \@reversemarginfalse
* (1in=72.27pt=25.4mm, 1cm=28.453pt)

File: figures/benchmark/Computer_Repair.png Graphic file (type png)
 <use figures/benchmark/Computer_Repair.png>
Package pdftex.def Info: figures/benchmark/Computer_Repair.png used on input li
ne 255.
(pdftex.def)             Requested size: 623.2579pt x 345.90344pt.

Overfull \hbox (143.82986pt too wide) in paragraph at lines 255--256
 [][] 
 []

[84




]
*geometry* verbose mode - [ newgeometry ] result:
* driver: pdftex
* paper: a4paper
* layout: <same size as paper>
* layoutoffset:(h,v)=(0.0pt,0.0pt)
* modes: 
* h-part:(L,W,R)=(28.45274pt, 479.42804pt, 89.62709pt)
* v-part:(T,H,B)=(256.0748pt, 487.5654pt, 101.40665pt)
* \paperwidth=597.50787pt
* \paperheight=845.04684pt
* \textwidth=479.42804pt
* \textheight=487.5654pt
* \oddsidemargin=-43.81725pt
* \evensidemargin=-43.81725pt
* \topmargin=146.80481pt
* \headheight=12.0pt
* \headsep=25.0pt
* \topskip=10.0pt
* \footskip=30.0pt
* \marginparwidth=57.0pt
* \marginparsep=11.0pt
* \columnsep=10.0pt
* \skip\footins=9.0pt plus 4.0pt minus 2.0pt
* \hoffset=0.0pt
* \voffset=0.0pt
* \mag=1000
* \@twocolumnfalse
* \@twosidefalse
* \@mparswitchfalse
* \@reversemarginfalse
* (1in=72.27pt=25.4mm, 1cm=28.453pt)

File: figures/benchmark/Hotel.png Graphic file (type png)
 <use figures/benchmark/Hotel.png>
Package pdftex.def Info: figures/benchmark/Hotel.png used on input line 269.
(pdftex.def)             Requested size: 623.2579pt x 439.7638pt.

Overfull \hbox (143.82986pt too wide) in paragraph at lines 269--270
 [][] 
 []

[85




]
*geometry* verbose mode - [ newgeometry ] result:
* driver: pdftex
* paper: a4paper
* layout: <same size as paper>
* layoutoffset:(h,v)=(0.0pt,0.0pt)
* modes: 
* h-part:(L,W,R)=(28.45274pt, 479.42804pt, 89.62709pt)
* v-part:(T,H,B)=(256.0748pt, 487.5654pt, 101.40665pt)
* \paperwidth=597.50787pt
* \paperheight=845.04684pt
* \textwidth=479.42804pt
* \textheight=487.5654pt
* \oddsidemargin=-43.81725pt
* \evensidemargin=-43.81725pt
* \topmargin=146.80481pt
* \headheight=12.0pt
* \headsep=25.0pt
* \topskip=10.0pt
* \footskip=30.0pt
* \marginparwidth=57.0pt
* \marginparsep=11.0pt
* \columnsep=10.0pt
* \skip\footins=9.0pt plus 4.0pt minus 2.0pt
* \hoffset=0.0pt
* \voffset=0.0pt
* \mag=1000
* \@twocolumnfalse
* \@twosidefalse
* \@mparswitchfalse
* \@reversemarginfalse
* (1in=72.27pt=25.4mm, 1cm=28.453pt)

File: figures/benchmark/Underwriter.png Graphic file (type png)
 <use figures/benchmark/Underwriter.png>
Package pdftex.def Info: figures/benchmark/Underwriter.png used on input line 2
83.
(pdftex.def)             Requested size: 623.2579pt x 243.96893pt.

Overfull \hbox (143.82986pt too wide) in paragraph at lines 283--284
 [][] 
 []

[86




]
*geometry* verbose mode - [ newgeometry ] result:
* driver: pdftex
* paper: a4paper
* layout: <same size as paper>
* layoutoffset:(h,v)=(0.0pt,0.0pt)
* modes: 
* h-part:(L,W,R)=(28.45274pt, 479.42804pt, 89.62709pt)
* v-part:(T,H,B)=(256.0748pt, 487.5654pt, 101.40665pt)
* \paperwidth=597.50787pt
* \paperheight=845.04684pt
* \textwidth=479.42804pt
* \textheight=487.5654pt
* \oddsidemargin=-43.81725pt
* \evensidemargin=-43.81725pt
* \topmargin=146.80481pt
* \headheight=12.0pt
* \headsep=25.0pt
* \topskip=10.0pt
* \footskip=30.0pt
* \marginparwidth=57.0pt
* \marginparsep=11.0pt
* \columnsep=10.0pt
* \skip\footins=9.0pt plus 4.0pt minus 2.0pt
* \hoffset=0.0pt
* \voffset=0.0pt
* \mag=1000
* \@twocolumnfalse
* \@twosidefalse
* \@mparswitchfalse
* \@reversemarginfalse
* (1in=72.27pt=25.4mm, 1cm=28.453pt)

File: figures/benchmark/Hospital.png Graphic file (type png)
 <use figures/benchmark/Hospital.png>
Package pdftex.def Info: figures/benchmark/Hospital.png used on input line 297.

(pdftex.def)             Requested size: 623.2579pt x 237.55505pt.

Overfull \hbox (143.82986pt too wide) in paragraph at lines 297--298
 [][] 
 []

[87




]
*geometry* verbose mode - [ newgeometry ] result:
* driver: pdftex
* paper: a4paper
* layout: <same size as paper>
* layoutoffset:(h,v)=(0.0pt,0.0pt)
* modes: 
* h-part:(L,W,R)=(28.45274pt, 479.42804pt, 89.62709pt)
* v-part:(T,H,B)=(256.0748pt, 487.5654pt, 101.40665pt)
* \paperwidth=597.50787pt
* \paperheight=845.04684pt
* \textwidth=479.42804pt
* \textheight=487.5654pt
* \oddsidemargin=-43.81725pt
* \evensidemargin=-43.81725pt
* \topmargin=146.80481pt
* \headheight=12.0pt
* \headsep=25.0pt
* \topskip=10.0pt
* \footskip=30.0pt
* \marginparwidth=57.0pt
* \marginparsep=11.0pt
* \columnsep=10.0pt
* \skip\footins=9.0pt plus 4.0pt minus 2.0pt
* \hoffset=0.0pt
* \voffset=0.0pt
* \mag=1000
* \@twocolumnfalse
* \@twosidefalse
* \@mparswitchfalse
* \@reversemarginfalse
* (1in=72.27pt=25.4mm, 1cm=28.453pt)

File: figures/benchmark/Zoo.png Graphic file (type png)
 <use figures/benchmark/Zoo.png>
Package pdftex.def Info: figures/benchmark/Zoo.png used on input line 308.
(pdftex.def)             Requested size: 623.2579pt x 343.95184pt.

Overfull \hbox (143.82986pt too wide) in paragraph at lines 308--309
 [][] 
 []

[88



]) (./appendixs/logs.tex
Ap\`endix B.

Package Fancyhdr Warning: \fancyfoot's `E' option without twoside option is use
less on input line 25.


Package Fancyhdr Warning: \fancyfoot's `E' option without twoside option is use
less on input line 25.

[89



]
*geometry* verbose mode - [ newgeometry ] result:
* driver: pdftex
* paper: a4paper
* layout: <same size as paper>
* layoutoffset:(h,v)=(0.0pt,0.0pt)
* modes: 
* h-part:(L,W,R)=(36.98866pt, 523.53055pt, 36.98866pt)
* v-part:(T,H,B)=(101.40665pt, 591.5302pt, 152.11pt)
* \paperwidth=597.50787pt
* \paperheight=845.04684pt
* \textwidth=523.53055pt
* \textheight=591.5302pt
* \oddsidemargin=-35.28133pt
* \evensidemargin=-35.28133pt
* \topmargin=-7.86334pt
* \headheight=12.0pt
* \headsep=25.0pt
* \topskip=10.0pt
* \footskip=30.0pt
* \marginparwidth=57.0pt
* \marginparsep=11.0pt
* \columnsep=10.0pt
* \skip\footins=9.0pt plus 4.0pt minus 2.0pt
* \hoffset=0.0pt
* \voffset=0.0pt
* \mag=1000
* \@twocolumnfalse
* \@twosidefalse
* \@mparswitchfalse
* \@reversemarginfalse
* (1in=72.27pt=25.4mm, 1cm=28.453pt)

Package hyperref Info: bookmark level for unknown lstlisting defaults to 0 on i
nput line 27.
 (./logs/Bicycle_Manufacturer.log [90

] [91] [92] [93])
(./logs/Dispatch-of-goods.log [94] [95] [96] [97]) (./logs/Hotel.log [98]
[99] [100] [101] [102] [103]) (./logs/Zoo.log [104]
Overfull \hbox (112.47592pt too wide) in paragraph at lines 41--42
[][][][] 
 []

[105] [106] [107] [108] [109] [110] [111])) [112]
Package atveryend Info: Empty hook `BeforeClearDocument' on input line 122.
Package atveryend Info: Empty hook `AfterLastShipout' on input line 122.
 (./main.aux)
Package atveryend Info: Executing hook `AtVeryEndDocument' on input line 122.
Package atveryend Info: Executing hook `AtEndAfterFileList' on input line 122.
Package rerunfilecheck Info: File `main.out' has not changed.
(rerunfilecheck)             Checksum: 5FFE8ACD7CE1BA0060F9071C3B9CC417;6702.


LaTeX Font Warning: Size substitutions with differences
(Font)              up to 0.5pt have occurred.


LaTeX Warning: There were undefined references.


LaTeX Warning: There were multiply-defined labels.

Package logreq Info: Writing requests to 'main.run.xml'.
\openout1 = `main.run.xml'.

 ) 
Here is how much of TeX's memory you used:
 22625 strings out of 493054
 371023 string characters out of 6140586
 1003914 words of memory out of 5000000
 24261 multiletter control sequences out of 15000+600000
 41260 words of font info for 130 fonts, out of 8000000 for 9000
 1141 hyphenation exceptions out of 8191
 44i,15n,48p,1730b,1863s stack positions out of 5000i,500n,10000p,200000b,80000s
pdfTeX warning (dest): name{Hfootnote.42} has been referenced but does not ex
ist, replaced by a fixed one

pdfTeX warning (dest): name{Hfootnote.41} has been referenced but does not exis
t, replaced by a fixed one

pdfTeX warning (dest): name{Hfootnote.13} has been referenced but does not exis
t, replaced by a fixed one

{/usr/share/texmf-dist/fonts/enc/dvips/base/8r.enc}</usr/share/texmf-dist/fonts
/type1/public/amsfonts/cm/cmbsy10.pfb></usr/share/texmf-dist/fonts/type1/public
/amsfonts/cm/cmbx10.pfb></usr/share/texmf-dist/fonts/type1/public/amsfonts/cm/c
mbx12.pfb></usr/share/texmf-dist/fonts/type1/public/amsfonts/cm/cmbx7.pfb></usr
/share/texmf-dist/fonts/type1/public/amsfonts/cm/cmbxti10.pfb></usr/share/texmf
-dist/fonts/type1/public/amsfonts/cm/cmcsc10.pfb></usr/share/texmf-dist/fonts/t
ype1/public/amsfonts/cm/cmr10.pfb></usr/share/texmf-dist/fonts/type1/public/ams
fonts/cm/cmr12.pfb></usr/share/texmf-dist/fonts/type1/public/amsfonts/cm/cmr6.p
fb></usr/share/texmf-dist/fonts/type1/public/amsfonts/cm/cmr7.pfb></usr/share/t
exmf-dist/fonts/type1/public/amsfonts/cm/cmr8.pfb></usr/share/texmf-dist/fonts/
type1/public/amsfonts/cm/cmsy10.pfb></usr/share/texmf-dist/fonts/type1/public/a
msfonts/cm/cmti10.pfb></usr/share/texmf-dist/fonts/type1/public/amsfonts/cm/cmt
i8.pfb></usr/share/texmf-dist/fonts/type1/public/amsfonts/cm/cmti9.pfb></usr/sh
are/texmf-dist/fonts/type1/public/amsfonts/cm/cmtt10.pfb></usr/share/texmf-dist
/fonts/type1/public/amsfonts/cm/cmtt12.pfb></usr/share/texmf-dist/fonts/type1/p
ublic/amsfonts/cm/cmtt8.pfb></usr/share/texmf-dist/fonts/type1/public/eurosym/f
eymr10.pfb></usr/share/texmf-dist/fonts/type1/public/newtx/rntxmi.pfb></usr/sha
re/texmf-dist/fonts/type1/public/newtx/rntxmi5.pfb></usr/share/texmf-dist/fonts
/type1/public/newtx/rntxmi7.pfb></usr/share/texmf-dist/fonts/type1/public/txfon
ts/rtxmi.pfb></usr/share/texmf-dist/fonts/type1/public/newtx/rtxmi7.pfb></usr/s
hare/texmf-dist/fonts/type1/public/txfonts/rtxr.pfb></usr/share/texmf-dist/font
s/type1/public/txfonts/txex.pfb></usr/share/texmf-dist/fonts/type1/public/txfon
ts/txmia.pfb></usr/share/texmf-dist/fonts/type1/public/txfonts/txsy.pfb></usr/s
hare/texmf-dist/fonts/type1/public/txfonts/txsya.pfb></usr/share/texmf-dist/fon
ts/type1/public/txfonts/txsyb.pfb></usr/share/texmf-dist/fonts/type1/public/txf
onts/txsyc.pfb></usr/share/texmf-dist/fonts/type1/urw/times/utmr8a.pfb></usr/sh
are/texmf-dist/fonts/type1/urw/times/utmri8a.pfb>
Output written on main.pdf (113 pages, 1993875 bytes).
PDF statistics:
 2821 PDF objects out of 2984 (max. 8388607)
 2598 compressed objects within 26 object streams
 1428 named destinations out of 1440 (max. 500000)
 893 words of extra memory for PDF output out of 10000 (max. 10000000)

