\BOOKMARK [0][-]{chapter.1}{Introducci\363}{}% 1
\BOOKMARK [1][-]{section.1.1}{Contextualitzaci\363}{chapter.1}% 2
\BOOKMARK [2][-]{subsection.1.1.1}{Business Process Management}{section.1.1}% 3
\BOOKMARK [2][-]{subsection.1.1.2}{Natural Language Processing}{section.1.1}% 4
\BOOKMARK [2][-]{subsection.1.1.3}{Descripcions textuals i models de processos}{section.1.1}% 5
\BOOKMARK [2][-]{subsection.1.1.4}{La notaci\363 BPMN}{section.1.1}% 6
\BOOKMARK [1][-]{section.1.2}{Estat de l'art}{chapter.1}% 7
\BOOKMARK [2][-]{subsection.1.2.1}{Business Process Management}{section.1.2}% 8
\BOOKMARK [2][-]{subsection.1.2.2}{Natural Language Processing}{section.1.2}% 9
\BOOKMARK [2][-]{subsection.1.2.3}{Comparaci\363 de descripcions textuals i models formals de processos}{section.1.2}% 10
\BOOKMARK [1][-]{section.1.3}{El problema}{chapter.1}% 11
\BOOKMARK [1][-]{section.1.4}{Abast}{chapter.1}% 12
\BOOKMARK [2][-]{subsection.1.4.1}{Producte Esperat}{section.1.4}% 13
\BOOKMARK [2][-]{subsection.1.4.2}{Obstacles}{section.1.4}% 14
\BOOKMARK [1][-]{section.1.5}{El projecte NLP4BPM}{chapter.1}% 15
\BOOKMARK [0][-]{chapter.2}{Enfoc}{}% 16
\BOOKMARK [1][-]{section.2.1}{Estructura general de l'algorisme}{chapter.2}% 17
\BOOKMARK [1][-]{section.2.2}{Dades d'entrada}{chapter.2}% 18
\BOOKMARK [1][-]{section.2.3}{Extracci\363 de caracter\355stiques}{chapter.2}% 19
\BOOKMARK [1][-]{section.2.4}{C\340lcul de similaritat}{chapter.2}% 20
\BOOKMARK [1][-]{section.2.5}{C\340lcul d'ordre}{chapter.2}% 21
\BOOKMARK [2][-]{subsection.2.5.1}{Al text}{section.2.5}% 22
\BOOKMARK [2][-]{subsection.2.5.2}{Al model}{section.2.5}% 23
\BOOKMARK [1][-]{section.2.6}{C\340lcul de la correspond\350ncia \362ptima}{chapter.2}% 24
\BOOKMARK [0][-]{chapter.3}{Implementaci\363}{}% 25
\BOOKMARK [1][-]{section.3.1}{Estructura general de l'algorisme}{chapter.3}% 26
\BOOKMARK [1][-]{section.3.2}{Preprocessat de les dades d'entrada}{chapter.3}% 27
\BOOKMARK [2][-]{subsection.3.2.1}{El text analitzat}{section.3.2}% 28
\BOOKMARK [2][-]{subsection.3.2.2}{El model BPMN}{section.3.2}% 29
\BOOKMARK [1][-]{section.3.3}{Extracci\363 de caracter\355stiques}{chapter.3}% 30
\BOOKMARK [1][-]{section.3.4}{C\340lcul de la similaritat}{chapter.3}% 31
\BOOKMARK [1][-]{section.3.5}{Ordenaci\363 de models i textos}{chapter.3}% 32
\BOOKMARK [2][-]{subsection.3.5.1}{Al model}{section.3.5}% 33
\BOOKMARK [1][-]{section.3.6}{C\340lcul de la correspond\350ncia \362ptima}{chapter.3}% 34
\BOOKMARK [2][-]{subsection.3.6.1}{Reducci\363 a LAP}{section.3.6}% 35
\BOOKMARK [2][-]{subsection.3.6.2}{Constraint Programming}{section.3.6}% 36
\BOOKMARK [2][-]{subsection.3.6.3}{Integer Linear Programming}{section.3.6}% 37
\BOOKMARK [1][-]{section.3.7}{Mostra dels resultats}{chapter.3}% 38
\BOOKMARK [1][-]{section.3.8}{Llenguatge de programaci\363}{chapter.3}% 39
\BOOKMARK [0][-]{chapter.4}{Avaluaci\363 dels resultats}{}% 40
\BOOKMARK [1][-]{section.4.1}{Avaluaci\363 autom\340tica d'un conjunt de models per a un text}{chapter.4}% 41
\BOOKMARK [2][-]{subsection.4.1.1}{Plantejament}{section.4.1}% 42
\BOOKMARK [2][-]{subsection.4.1.2}{Metodologia}{section.4.1}% 43
\BOOKMARK [2][-]{subsection.4.1.3}{Resultats}{section.4.1}% 44
\BOOKMARK [2][-]{subsection.4.1.4}{Conclusions}{section.4.1}% 45
\BOOKMARK [1][-]{section.4.2}{Aparellament de models i textos}{chapter.4}% 46
\BOOKMARK [2][-]{subsection.4.2.1}{Plantejament}{section.4.2}% 47
\BOOKMARK [2][-]{subsection.4.2.2}{Metodologia}{section.4.2}% 48
\BOOKMARK [2][-]{subsection.4.2.3}{Resultats}{section.4.2}% 49
\BOOKMARK [2][-]{subsection.4.2.4}{Conclusions}{section.4.2}% 50
\BOOKMARK [1][-]{section.4.3}{Efectes de la introducci\363 d'inconsist\350ncies}{chapter.4}% 51
\BOOKMARK [2][-]{subsection.4.3.1}{Plantejament}{section.4.3}% 52
\BOOKMARK [2][-]{subsection.4.3.2}{Metodologia}{section.4.3}% 53
\BOOKMARK [2][-]{subsection.4.3.3}{Resultats}{section.4.3}% 54
\BOOKMARK [2][-]{subsection.4.3.4}{Conclusions}{section.4.3}% 55
\BOOKMARK [0][-]{chapter.5}{Gesti\363 del projecte}{}% 56
\BOOKMARK [1][-]{section.5.1}{Planificaci\363 temporal}{chapter.5}% 57
\BOOKMARK [2][-]{subsection.5.1.1}{Descripci\363 de les tasques}{section.5.1}% 58
\BOOKMARK [2][-]{subsection.5.1.2}{Taula de temps}{section.5.1}% 59
\BOOKMARK [2][-]{subsection.5.1.3}{Recursos utilitzats}{section.5.1}% 60
\BOOKMARK [2][-]{subsection.5.1.4}{Diagrama de Gantt}{section.5.1}% 61
\BOOKMARK [2][-]{subsection.5.1.5}{Pla d'acci\363 inicial i desviacions}{section.5.1}% 62
\BOOKMARK [1][-]{section.5.2}{Pressupost}{chapter.5}% 63
\BOOKMARK [2][-]{subsection.5.2.1}{Recursos humans}{section.5.2}% 64
\BOOKMARK [2][-]{subsection.5.2.2}{Recursos de hardware}{section.5.2}% 65
\BOOKMARK [2][-]{subsection.5.2.3}{Recursos de software}{section.5.2}% 66
\BOOKMARK [2][-]{subsection.5.2.4}{Despeses indirectes}{section.5.2}% 67
\BOOKMARK [2][-]{subsection.5.2.5}{Pressupost total}{section.5.2}% 68
\BOOKMARK [2][-]{subsection.5.2.6}{Control de gesti\363}{section.5.2}% 69
\BOOKMARK [1][-]{section.5.3}{Informe de sostenibilitat}{chapter.5}% 70
\BOOKMARK [2][-]{subsection.5.3.1}{Matriu de sostenibilitat}{section.5.3}% 71
\BOOKMARK [1][-]{section.5.4}{Metodologia i rigor}{chapter.5}% 72
\BOOKMARK [2][-]{subsection.5.4.1}{Metodologia de treball}{section.5.4}% 73
\BOOKMARK [2][-]{subsection.5.4.2}{Eines de seguiment}{section.5.4}% 74
\BOOKMARK [2][-]{subsection.5.4.3}{M\350tode de validaci\363}{section.5.4}% 75
\BOOKMARK [1][-]{section.5.5}{Integraci\363 de coneixements}{chapter.5}% 76
\BOOKMARK [1][-]{section.5.6}{Lleis i regulacions}{chapter.5}% 77
\BOOKMARK [0][-]{chapter.6}{Conclusions}{}% 78
\BOOKMARK [0][-]{appendix.A}{Parelles Model-Text utilitzades als experiments}{}% 79
\BOOKMARK [1][-]{section.A.1}{Credit Scoring [CRED] }{appendix.A}% 80
\BOOKMARK [1][-]{section.A.2}{Self Service Restaurant [REST]}{appendix.A}% 81
\BOOKMARK [1][-]{section.A.3}{Dispatch of Goods [DISP]}{appendix.A}% 82
\BOOKMARK [1][-]{section.A.4}{Recourse [RECO]}{appendix.A}% 83
\BOOKMARK [1][-]{section.A.5}{Bicycle Manufacturer [BICL]}{appendix.A}% 84
\BOOKMARK [1][-]{section.A.6}{Computer Repair Shop [COMP]}{appendix.A}% 85
\BOOKMARK [1][-]{section.A.7}{Hotel [HOTL]}{appendix.A}% 86
\BOOKMARK [1][-]{section.A.8}{Underwriter [UNWR]}{appendix.A}% 87
\BOOKMARK [1][-]{section.A.9}{Hospital [HOSP]}{appendix.A}% 88
\BOOKMARK [1][-]{section.A.10}{Zoo [ZOO]}{appendix.A}% 89
\BOOKMARK [0][-]{appendix.B}{Traces d'execuci\363}{}% 90
\BOOKMARK [1][-]{section.B.1}{Bicycle Manufacturer \(BPMN vs Text\)}{appendix.B}% 91
\BOOKMARK [1][-]{section.B.2}{Dispatch of Goods \(BPMN vs Text\)}{appendix.B}% 92
\BOOKMARK [1][-]{section.B.3}{Hotel \(BPMN vs Text\)}{appendix.B}% 93
\BOOKMARK [1][-]{section.B.4}{Zoo \(BPMN vs Text\)}{appendix.B}% 94
