\BOOKMARK [1][-]{section.1}{Introducci\363}{}% 1
\BOOKMARK [1][-]{section.2}{Abast del projecte i contextualitzaci\363}{}% 2
\BOOKMARK [2][-]{subsection.2.1}{Context}{section.2}% 3
\BOOKMARK [3][-]{subsubsection.2.1.1}{Natural Language Processing \046 Understanding}{subsection.2.1}% 4
\BOOKMARK [3][-]{subsubsection.2.1.2}{Processos de negoci}{subsection.2.1}% 5
\BOOKMARK [3][-]{subsubsection.2.1.3}{Descripci\363 de processos: Textual i BPMN}{subsection.2.1}% 6
\BOOKMARK [3][-]{subsubsection.2.1.4}{El projecte}{subsection.2.1}% 7
\BOOKMARK [2][-]{subsection.2.2}{Estat de l'art}{section.2}% 8
\BOOKMARK [3][-]{subsubsection.2.2.1}{Solucions anteriors}{subsection.2.2}% 9
\BOOKMARK [3][-]{subsubsection.2.2.2}{Limitacions d'estudis anteriors}{subsection.2.2}% 10
\BOOKMARK [2][-]{subsection.2.3}{Formulaci\363 del problema}{section.2}% 11
\BOOKMARK [2][-]{subsection.2.4}{Abast del projecte}{section.2}% 12
\BOOKMARK [3][-]{subsubsection.2.4.1}{Objectiu}{subsection.2.4}% 13
\BOOKMARK [3][-]{subsubsection.2.4.2}{Obstacles i limitacions}{subsection.2.4}% 14
\BOOKMARK [1][-]{section.3}{Metodologia i rigor}{}% 15
\BOOKMARK [2][-]{subsection.3.1}{Metodologia de treball}{section.3}% 16
\BOOKMARK [2][-]{subsection.3.2}{Eines de seguiment}{section.3}% 17
\BOOKMARK [2][-]{subsection.3.3}{M\350tode de validaci\363}{section.3}% 18
\BOOKMARK [1][-]{section.4}{Planificaci\363 temporal}{}% 19
\BOOKMARK [2][-]{subsection.4.1}{Descripci\363 de les tasques}{section.4}% 20
\BOOKMARK [3][-]{subsubsection.4.1.1}{Disseny de l'algoritme}{subsection.4.1}% 21
\BOOKMARK [3][-]{subsubsection.4.1.2}{Configuraci\363 del sistema i l'entorn de programaci\363}{subsection.4.1}% 22
\BOOKMARK [3][-]{subsubsection.4.1.3}{Implementaci\363 de l'algoritme}{subsection.4.1}% 23
\BOOKMARK [3][-]{subsubsection.4.1.4}{Experimentaci\363}{subsection.4.1}% 24
\BOOKMARK [3][-]{subsubsection.4.1.5}{Documentaci\363}{subsection.4.1}% 25
\BOOKMARK [2][-]{subsection.4.2}{Taula de temps}{section.4}% 26
\BOOKMARK [2][-]{subsection.4.3}{Recursos utilitzats}{section.4}% 27
\BOOKMARK [3][-]{subsubsection.4.3.1}{Recursos de Hardware}{subsection.4.3}% 28
\BOOKMARK [3][-]{subsubsection.4.3.2}{Recursos de Software}{subsection.4.3}% 29
\BOOKMARK [2][-]{subsection.4.4}{Diagrama de Gantt}{section.4}% 30
\BOOKMARK [2][-]{subsection.4.5}{An\340lisi d'alternatives i decisions}{section.4}% 31
\BOOKMARK [2][-]{subsection.4.6}{Estat del projecte en la planificaci\363}{section.4}% 32
\BOOKMARK [1][-]{section.5}{Pressupost i sostenibilitat}{}% 33
\BOOKMARK [2][-]{subsection.5.1}{Pressupost}{section.5}% 34
\BOOKMARK [3][-]{subsubsection.5.1.1}{Recursos humans}{subsection.5.1}% 35
\BOOKMARK [3][-]{subsubsection.5.1.2}{Recursos de hardware}{subsection.5.1}% 36
\BOOKMARK [3][-]{subsubsection.5.1.3}{Recursos de software}{subsection.5.1}% 37
\BOOKMARK [3][-]{subsubsection.5.1.4}{Despeses indirectes}{subsection.5.1}% 38
\BOOKMARK [3][-]{subsubsection.5.1.5}{Pressupost total}{subsection.5.1}% 39
\BOOKMARK [2][-]{subsection.5.2}{Control de gesti\363}{section.5}% 40
\BOOKMARK [2][-]{subsection.5.3}{An\340lisi de sostenibilitat}{section.5}% 41
\BOOKMARK [3][-]{subsubsection.5.3.1}{Matriu de sostenibilitat}{subsection.5.3}% 42
\BOOKMARK [3][-]{subsubsection.5.3.2}{Dimensi\363 ambiental}{subsection.5.3}% 43
\BOOKMARK [3][-]{subsubsection.5.3.3}{Dimensi\363 econ\362mica}{subsection.5.3}% 44
\BOOKMARK [3][-]{subsubsection.5.3.4}{Dimensi\363 social}{subsection.5.3}% 45
\BOOKMARK [1][-]{section.6}{Integraci\363 de coneixements}{}% 46
\BOOKMARK [1][-]{section.7}{Lleis i regulacions}{}% 47
